Log file open, 08/27/18 17:33:23
LogWindows: Failed to load 'aqProf.dll' (GetLastError=126)
LogWindows: File 'aqProf.dll' does not exist
LogWindows: Failed to load 'VtuneApi.dll' (GetLastError=126)
LogWindows: File 'VtuneApi.dll' does not exist
LogWindows: Failed to load 'VtuneApi32e.dll' (GetLastError=126)
LogWindows: File 'VtuneApi32e.dll' does not exist
LogInit: Display: Running engine for game: Prototype3
LogPlatformFile: Not using cached read wrapper
LogInit: Display: RandInit(790716871) SRandInit(790716871).
LogInit: Read version file with build ID '3944462'
LogInit: Overriding engine version to CL 4033788, compatible CL 3944462
LogInit: Registered custom module enumerator with build ID '3944462'
LogTaskGraph: Started task graph with 5 named threads and 23 total threads with 3 sets of task threads.
LogStats: Stats thread started at 0.264143
LogD3D11RHI: Aftermath initialized
LogICUInternationalization: Display: ICU TimeZone Detection - Raw Offset: +12:00, Platform Override: ''
LogModuleManager: Display: Found up-to-date module file ../../../Engine/Plugins/Runtime/PhysXVehicles/Binaries/Win64/UE4Editor-PhysXVehicles.dll (API version 3944462).
LogModuleManager: Display: Found up-to-date module file ../../../Engine/Plugins/Runtime/PhysXVehicles/Binaries/Win64/UE4Editor-PhysXVehiclesEditor.dll (API version 3944462).
LogModuleManager: Display: Found up-to-date module file ../../../Engine/Plugins/Experimental/RawInput/Binaries/Win64/UE4Editor-RawInput.dll (API version 3944462).
LogModuleManager: Display: Found up-to-date module file ../../../Engine/Plugins/2D/Paper2D/Binaries/Win64/UE4Editor-Paper2D.dll (API version 3944462).
LogModuleManager: Display: Found up-to-date module file ../../../Engine/Plugins/2D/Paper2D/Binaries/Win64/UE4Editor-Paper2DEditor.dll (API version 3944462).
LogModuleManager: Display: Found up-to-date module file ../../../Engine/Plugins/2D/Paper2D/Binaries/Win64/UE4Editor-PaperSpriteSheetImporter.dll (API version 3944462).
LogModuleManager: Display: Found up-to-date module file ../../../Engine/Plugins/2D/Paper2D/Binaries/Win64/UE4Editor-PaperTiledImporter.dll (API version 3944462).
LogModuleManager: Display: Found up-to-date module file ../../../Engine/Plugins/2D/Paper2D/Binaries/Win64/UE4Editor-SmartSnapping.dll (API version 3944462).
LogModuleManager: Display: Found up-to-date module file ../../../Engine/Plugins/Blendables/LightPropagationVolume/Binaries/Win64/UE4Editor-LightPropagationVolumeRuntime.dll (API version 3944462).
LogModuleManager: Display: Found up-to-date module file ../../../Engine/Plugins/Blendables/LightPropagationVolume/Binaries/Win64/UE4Editor-LightPropagationVolumeEditor.dll (API version 3944462).
LogModuleManager: Display: Found up-to-date module file ../../../Engine/Plugins/Developer/CLionSourceCodeAccess/Binaries/Win64/UE4Editor-CLionSourceCodeAccess.dll (API version 3944462).
LogModuleManager: Display: Found up-to-date module file ../../../Engine/Plugins/Developer/GitSourceControl/Binaries/Win64/UE4Editor-GitSourceControl.dll (API version 3944462).
LogModuleManager: Display: Found up-to-date module file ../../../Engine/Plugins/Developer/PerforceSourceControl/Binaries/Win64/UE4Editor-PerforceSourceControl.dll (API version 3944462).
LogModuleManager: Display: Found up-to-date module file ../../../Engine/Plugins/Developer/SubversionSourceControl/Binaries/Win64/UE4Editor-SubversionSourceControl.dll (API version 3944462).
LogModuleManager: Display: Found up-to-date module file ../../../Engine/Plugins/Developer/UObjectPlugin/Binaries/Win64/UE4Editor-UObjectPlugin.dll (API version 3944462).
LogModuleManager: Display: Found up-to-date module file ../../../Engine/Plugins/Developer/VisualStudioCodeSourceCodeAccess/Binaries/Win64/UE4Editor-VisualStudioCodeSourceCodeAccess.dll (API version 3944462).
LogModuleManager: Display: Found up-to-date module file ../../../Engine/Plugins/Developer/VisualStudioSourceCodeAccess/Binaries/Win64/UE4Editor-VisualStudioSourceCodeAccess.dll (API version 3944462).
LogModuleManager: Display: Found up-to-date module file ../../../Engine/Plugins/Editor/AssetManagerEditor/Binaries/Win64/UE4Editor-AssetManagerEditor.dll (API version 3944462).
LogModuleManager: Display: Found up-to-date module file ../../../Engine/Plugins/Editor/CryptoKeys/Binaries/Win64/UE4Editor-CryptoKeys.dll (API version 3944462).
LogModuleManager: Display: Found up-to-date module file ../../../Engine/Plugins/Editor/CryptoKeys/Binaries/Win64/UE4Editor-CryptoKeysOpenSSL.dll (API version 3944462).
LogModuleManager: Display: Found up-to-date module file ../../../Engine/Plugins/Editor/DataValidation/Binaries/Win64/UE4Editor-DataValidation.dll (API version 3944462).
LogModuleManager: Display: Found up-to-date module file ../../../Engine/Plugins/Editor/FacialAnimation/Binaries/Win64/UE4Editor-FacialAnimation.dll (API version 3944462).
LogModuleManager: Display: Found up-to-date module file ../../../Engine/Plugins/Editor/FacialAnimation/Binaries/Win64/UE4Editor-FacialAnimationEditor.dll (API version 3944462).
LogModuleManager: Display: Found up-to-date module file ../../../Engine/Plugins/Editor/GameplayTagsEditor/Binaries/Win64/UE4Editor-GameplayTagsEditor.dll (API version 3944462).
LogModuleManager: Display: Found up-to-date module file ../../../Engine/Plugins/Editor/MobileLauncherProfileWizard/Binaries/Win64/UE4Editor-MobileLauncherProfileWizard.dll (API version 3944462).
LogModuleManager: Display: Found up-to-date module file ../../../Engine/Plugins/Editor/PluginBrowser/Binaries/Win64/UE4Editor-PluginBrowser.dll (API version 3944462).
LogModuleManager: Display: Found up-to-date module file ../../../Engine/Plugins/Editor/SpeedTreeImporter/Binaries/Win64/UE4Editor-SpeedTreeImporter.dll (API version 3944462).
LogModuleManager: Display: Found up-to-date module file ../../../Engine/Plugins/Enterprise/DatasmithContent/Binaries/Win64/UE4Editor-DatasmithContent.dll (API version 3944462).
LogModuleManager: Display: Found up-to-date module file ../../../Engine/Plugins/Experimental/AlembicImporter/Binaries/Win64/UE4Editor-AlembicImporter.dll (API version 3944462).
LogModuleManager: Display: Found up-to-date module file ../../../Engine/Plugins/Experimental/AlembicImporter/Binaries/Win64/UE4Editor-AlembicLibrary.dll (API version 3944462).
LogModuleManager: Display: Found up-to-date module file ../../../Engine/Plugins/Experimental/CharacterAI/Binaries/Win64/UE4Editor-CharacterAI.dll (API version 3944462).
LogModuleManager: Display: Found up-to-date module file ../../../Engine/Plugins/Experimental/HTML5Networking/Binaries/Win64/UE4Editor-HTML5Networking.dll (API version 3944462).
LogModuleManager: Display: Found up-to-date module file ../../../Engine/Plugins/Media/AndroidMedia/Binaries/Win64/UE4Editor-AndroidMediaEditor.dll (API version 3944462).
LogModuleManager: Display: Found up-to-date module file ../../../Engine/Plugins/Media/AndroidMedia/Binaries/Win64/UE4Editor-AndroidMediaFactory.dll (API version 3944462).
LogModuleManager: Display: Found up-to-date module file ../../../Engine/Plugins/Media/AvfMedia/Binaries/Win64/UE4Editor-AvfMediaEditor.dll (API version 3944462).
LogModuleManager: Display: Found up-to-date module file ../../../Engine/Plugins/Media/AvfMedia/Binaries/Win64/UE4Editor-AvfMediaFactory.dll (API version 3944462).
LogModuleManager: Display: Found up-to-date module file ../../../Engine/Plugins/Media/AvfMedia/Binaries/Win64/UE4Editor-AvfMediaFactory.dll (API version 3944462).
LogModuleManager: Display: Found up-to-date module file ../../../Engine/Plugins/Media/ImgMedia/Binaries/Win64/UE4Editor-ImgMedia.dll (API version 3944462).
LogModuleManager: Display: Found up-to-date module file ../../../Engine/Plugins/Media/ImgMedia/Binaries/Win64/UE4Editor-ImgMediaEditor.dll (API version 3944462).
LogModuleManager: Display: Found up-to-date module file ../../../Engine/Plugins/Media/ImgMedia/Binaries/Win64/UE4Editor-ImgMediaFactory.dll (API version 3944462).
LogModuleManager: Display: Found up-to-date module file ../../../Engine/Plugins/Media/ImgMedia/Binaries/Win64/UE4Editor-ImgMediaFactory.dll (API version 3944462).
LogModuleManager: Display: Found up-to-date module file ../../../Engine/Plugins/Media/ImgMedia/Binaries/Win64/UE4Editor-OpenExrWrapper.dll (API version 3944462).
LogModuleManager: Display: Found up-to-date module file ../../../Engine/Plugins/Media/LinearTimecode/Binaries/Win64/UE4Editor-LinearTimecode.dll (API version 3944462).
LogModuleManager: Display: Found up-to-date module file ../../../Engine/Plugins/Media/MediaCompositing/Binaries/Win64/UE4Editor-MediaCompositing.dll (API version 3944462).
LogModuleManager: Display: Found up-to-date module file ../../../Engine/Plugins/Media/MediaCompositing/Binaries/Win64/UE4Editor-MediaCompositingEditor.dll (API version 3944462).
LogModuleManager: Display: Found up-to-date module file ../../../Engine/Plugins/Media/MediaPlayerEditor/Binaries/Win64/UE4Editor-MediaPlayerEditor.dll (API version 3944462).
LogModuleManager: Display: Found up-to-date module file ../../../Engine/Plugins/Media/WmfMedia/Binaries/Win64/UE4Editor-WmfMedia.dll (API version 3944462).
LogModuleManager: Display: Found up-to-date module file ../../../Engine/Plugins/Media/WmfMedia/Binaries/Win64/UE4Editor-WmfMediaEditor.dll (API version 3944462).
LogModuleManager: Display: Found up-to-date module file ../../../Engine/Plugins/Media/WmfMedia/Binaries/Win64/UE4Editor-WmfMediaFactory.dll (API version 3944462).
LogModuleManager: Display: Found up-to-date module file ../../../Engine/Plugins/Media/WmfMedia/Binaries/Win64/UE4Editor-WmfMediaFactory.dll (API version 3944462).
LogModuleManager: Display: Found up-to-date module file ../../../Engine/Plugins/Messaging/TcpMessaging/Binaries/Win64/UE4Editor-TcpMessaging.dll (API version 3944462).
LogModuleManager: Display: Found up-to-date module file ../../../Engine/Plugins/Messaging/UdpMessaging/Binaries/Win64/UE4Editor-UdpMessaging.dll (API version 3944462).
LogModuleManager: Display: Found up-to-date module file ../../../Engine/Plugins/MovieScene/ActorSequence/Binaries/Win64/UE4Editor-ActorSequence.dll (API version 3944462).
LogModuleManager: Display: Found up-to-date module file ../../../Engine/Plugins/MovieScene/LevelSequenceEditor/Binaries/Win64/UE4Editor-LevelSequenceEditor.dll (API version 3944462).
LogModuleManager: Display: Found up-to-date module file ../../../Engine/Plugins/MovieScene/MatineeToLevelSequence/Binaries/Win64/UE4Editor-MatineeToLevelSequence.dll (API version 3944462).
LogModuleManager: Display: Found up-to-date module file ../../../Engine/Plugins/NetcodeUnitTest/NetcodeUnitTest/Binaries/Win64/UE4Editor-NetcodeUnitTest.dll (API version 3944462).
LogModuleManager: Display: Found up-to-date module file ../../../Engine/Plugins/NetcodeUnitTest/NUTUnrealEngine4/Binaries/Win64/UE4Editor-NUTUnrealEngine4.dll (API version 3944462).
LogModuleManager: Display: Found up-to-date module file ../../../Engine/Plugins/Online/OnlineSubsystem/Binaries/Win64/UE4Editor-OnlineSubsystem.dll (API version 3944462).
LogModuleManager: Display: Found up-to-date module file ../../../Engine/Plugins/Runtime/AndroidPermission/Binaries/Win64/UE4Editor-AndroidPermission.dll (API version 3944462).
LogModuleManager: Display: Found up-to-date module file ../../../Engine/Plugins/Online/OnlineSubsystemNull/Binaries/Win64/UE4Editor-OnlineSubsystemNull.dll (API version 3944462).
LogModuleManager: Display: Found up-to-date module file ../../../Engine/Plugins/Online/OnlineSubsystemUtils/Binaries/Win64/UE4Editor-OnlineSubsystemUtils.dll (API version 3944462).
LogModuleManager: Display: Found up-to-date module file ../../../Engine/Plugins/Online/OnlineSubsystemUtils/Binaries/Win64/UE4Editor-OnlineBlueprintSupport.dll (API version 3944462).
LogModuleManager: Display: Found up-to-date module file ../../../Engine/Plugins/Runtime/AndroidDeviceProfileSelector/Binaries/Win64/UE4Editor-AndroidDeviceProfileSelector.dll (API version 3944462).
LogModuleManager: Display: Found up-to-date module file ../../../Engine/Plugins/Runtime/AppleARKit/Binaries/Win64/UE4Editor-AppleARKit.dll (API version 3944462).
LogModuleManager: Display: Found up-to-date module file ../../../Engine/Plugins/Runtime/ProceduralMeshComponent/Binaries/Win64/UE4Editor-ProceduralMeshComponent.dll (API version 3944462).
LogModuleManager: Display: Found up-to-date module file ../../../Engine/Plugins/Runtime/ProceduralMeshComponent/Binaries/Win64/UE4Editor-ProceduralMeshComponentEditor.dll (API version 3944462).
LogModuleManager: Display: Found up-to-date module file ../../../Engine/Plugins/Animation/LiveLink/Binaries/Win64/UE4Editor-LiveLink.dll (API version 3944462).
LogModuleManager: Display: Found up-to-date module file ../../../Engine/Plugins/Animation/LiveLink/Binaries/Win64/UE4Editor-LiveLinkEditor.dll (API version 3944462).
LogModuleManager: Display: Found up-to-date module file ../../../Engine/Plugins/Runtime/ArchVisCharacter/Binaries/Win64/UE4Editor-ArchVisCharacter.dll (API version 3944462).
LogModuleManager: Display: Found up-to-date module file ../../../Engine/Plugins/Runtime/AudioCapture/Binaries/Win64/UE4Editor-AudioCapture.dll (API version 3944462).
LogModuleManager: Display: Found up-to-date module file ../../../Engine/Plugins/Runtime/AudioCapture/Binaries/Win64/UE4Editor-AudioCaptureEditor.dll (API version 3944462).
LogModuleManager: Display: Found up-to-date module file ../../../Engine/Plugins/Runtime/CableComponent/Binaries/Win64/UE4Editor-CableComponent.dll (API version 3944462).
LogModuleManager: Display: Found up-to-date module file ../../../Engine/Plugins/Runtime/CustomMeshComponent/Binaries/Win64/UE4Editor-CustomMeshComponent.dll (API version 3944462).
LogModuleManager: Display: Found up-to-date module file ../../../Engine/Plugins/Runtime/ExampleDeviceProfileSelector/Binaries/Win64/UE4Editor-ExampleDeviceProfileSelector.dll (API version 3944462).
LogModuleManager: Display: Found up-to-date module file ../../../Engine/Plugins/Runtime/ImmediatePhysics/Binaries/Win64/UE4Editor-ImmediatePhysics.dll (API version 3944462).
LogModuleManager: Display: Found up-to-date module file ../../../Engine/Plugins/Runtime/ImmediatePhysics/Binaries/Win64/UE4Editor-ImmediatePhysicsEditor.dll (API version 3944462).
LogModuleManager: Display: Found up-to-date module file ../../../Engine/Plugins/Runtime/LocationServicesBPLibrary/Binaries/Win64/UE4Editor-LocationServicesBPLibrary.dll (API version 3944462).
LogModuleManager: Display: Found up-to-date module file ../../../Engine/Plugins/Runtime/MobilePatchingUtils/Binaries/Win64/UE4Editor-MobilePatchingUtils.dll (API version 3944462).
LogModuleManager: Display: Found up-to-date module file ../../../Engine/Plugins/Runtime/Oculus/OculusVR/Binaries/Win64/UE4Editor-OculusHMD.dll (API version 3944462).
LogModuleManager: Display: Found up-to-date module file ../../../Engine/Plugins/Runtime/Oculus/OculusVR/Binaries/Win64/UE4Editor-OculusInput.dll (API version 3944462).
LogModuleManager: Display: Found up-to-date module file ../../../Engine/Plugins/Runtime/Oculus/OculusVR/Binaries/Win64/UE4Editor-OculusEditor.dll (API version 3944462).
LogModuleManager: Display: Found up-to-date module file ../../../Engine/Plugins/Runtime/RuntimePhysXCooking/Binaries/Win64/UE4Editor-RuntimePhysXCooking.dll (API version 3944462).
LogModuleManager: Display: Found up-to-date module file ../../../Engine/Plugins/Runtime/Steam/SteamVR/Binaries/Win64/UE4Editor-SteamVR.dll (API version 3944462).
LogModuleManager: Display: Found up-to-date module file ../../../Engine/Plugins/Runtime/Steam/SteamVR/Binaries/Win64/UE4Editor-SteamVRController.dll (API version 3944462).
LogModuleManager: Display: Found up-to-date module file ../../../Engine/Plugins/Runtime/WindowsMoviePlayer/Binaries/Win64/UE4Editor-WindowsMoviePlayer.dll (API version 3944462).
LogModuleManager: Display: Found up-to-date module file ../../../Engine/Plugins/UnrealEnginePython/Binaries/Win64/UE4Editor-UnrealEnginePython.dll (API version 3944462).
LogModuleManager: Display: Found up-to-date module file ../../../Engine/Plugins/UnrealEnginePython/Binaries/Win64/UE4Editor-PythonConsole.dll (API version 3944462).
LogModuleManager: Display: Found up-to-date module file ../../../Engine/Plugins/UnrealEnginePython/Binaries/Win64/UE4Editor-PythonEditor.dll (API version 3944462).
LogPluginManager: Mounting plugin Paper2D
LogPluginManager: Mounting plugin LiveLink
LogPluginManager: Mounting plugin LightPropagationVolume
LogPluginManager: Mounting plugin CLionSourceCodeAccess
LogPluginManager: Mounting plugin CodeLiteSourceCodeAccess
LogPluginManager: Mounting plugin GitSourceControl
LogPluginManager: Mounting plugin KDevelopSourceCodeAccess
LogPluginManager: Mounting plugin NullSourceCodeAccess
LogPluginManager: Mounting plugin PerforceSourceControl
LogPluginManager: Mounting plugin SubversionSourceControl
LogPluginManager: Mounting plugin UObjectPlugin
LogPluginManager: Mounting plugin VisualStudioCodeSourceCodeAccess
LogPluginManager: Mounting plugin VisualStudioSourceCodeAccess
LogPluginManager: Mounting plugin XCodeSourceCodeAccess
LogPluginManager: Mounting plugin AssetManagerEditor
LogPluginManager: Mounting plugin CryptoKeys
LogPluginManager: Mounting plugin DataValidation
LogPluginManager: Mounting plugin FacialAnimation
LogPluginManager: Mounting plugin GameplayTagsEditor
LogPluginManager: Mounting plugin MobileLauncherProfileWizard
LogPluginManager: Mounting plugin PluginBrowser
LogPluginManager: Mounting plugin SpeedTreeImporter
LogPluginManager: Mounting plugin DatasmithContent
LogPluginManager: Mounting plugin AlembicImporter
LogPluginManager: Mounting plugin CharacterAI
LogPluginManager: Mounting plugin HTML5Networking
LogPluginManager: Mounting plugin RawInput
LogPluginManager: Mounting plugin AndroidMedia
LogPluginManager: Mounting plugin AvfMedia
LogPluginManager: Mounting plugin ImgMedia
LogPluginManager: Mounting plugin LinearTimecode
LogPluginManager: Mounting plugin MediaCompositing
LogPluginManager: Mounting plugin MediaPlayerEditor
LogPluginManager: Mounting plugin WmfMedia
LogPluginManager: Mounting plugin TcpMessaging
LogPluginManager: Mounting plugin UdpMessaging
LogPluginManager: Mounting plugin ActorSequence
LogPluginManager: Mounting plugin LevelSequenceEditor
LogPluginManager: Mounting plugin MatineeToLevelSequence
LogPluginManager: Mounting plugin NetcodeUnitTest
LogPluginManager: Mounting plugin NUTUnrealEngine4
LogPluginManager: Mounting plugin OnlineSubsystemGooglePlay
LogPluginManager: Mounting plugin OnlineSubsystemIOS
LogPluginManager: Mounting plugin OnlineSubsystem
LogPluginManager: Mounting plugin OnlineSubsystemNull
LogPluginManager: Mounting plugin OnlineSubsystemUtils
LogPluginManager: Mounting plugin AndroidDeviceProfileSelector
LogPluginManager: Mounting plugin AndroidMoviePlayer
LogPluginManager: Mounting plugin AndroidPermission
LogPluginManager: Mounting plugin AppleARKit
LogPluginManager: Mounting plugin AppleMoviePlayer
LogPluginManager: Mounting plugin ArchVisCharacter
LogPluginManager: Mounting plugin AudioCapture
LogPluginManager: Mounting plugin CableComponent
LogPluginManager: Mounting plugin CustomMeshComponent
LogPluginManager: Mounting plugin ExampleDeviceProfileSelector
LogPluginManager: Mounting plugin GoogleCloudMessaging
LogPluginManager: Mounting plugin ImmediatePhysics
LogPluginManager: Mounting plugin IOSDeviceProfileSelector
LogPluginManager: Mounting plugin LinuxDeviceProfileSelector
LogPluginManager: Mounting plugin LocationServicesBPLibrary
LogPluginManager: Mounting plugin MobilePatchingUtils
LogPluginManager: Mounting plugin OculusVR
LogPluginManager: Plugin shader directory ../../../Engine/Plugins/Runtime/Oculus/OculusVR/Shaders found
LogPluginManager: Mapping shader source directory ../../../Engine/Plugins/Runtime/Oculus/OculusVR/Shaders to virtual directory /Plugin/OculusVR
LogPluginManager: Mounting plugin PhysXVehicles
LogPluginManager: Mounting plugin ProceduralMeshComponent
LogPluginManager: Mounting plugin RuntimePhysXCooking
LogPluginManager: Mounting plugin SteamVR
LogPluginManager: Mounting plugin WindowsMoviePlayer
LogPluginManager: Mounting plugin UnrealEnginePython
LogStreaming: Display: Took  1.145s to configure plugins.
LogInit: Using libcurl 7.47.1
LogInit:  - built for x86_64-pc-win32
LogInit:  - supports SSL with OpenSSL/1.0.2g
LogInit:  - supports HTTP deflate (compression) using libz 1.2.8
LogInit:  - other features:
LogInit:      CURL_VERSION_SSL
LogInit:      CURL_VERSION_LIBZ
LogInit:      CURL_VERSION_IPV6
LogInit:      CURL_VERSION_ASYNCHDNS
LogInit:      CURL_VERSION_LARGEFILE
LogInit:      CURL_VERSION_IDN
LogInit:  CurlRequestOptions (configurable via config and command line):
LogInit:  - bVerifyPeer = false  - Libcurl will NOT verify peer certificate
LogInit:  - bUseHttpProxy = false  - Libcurl will NOT use HTTP proxy
LogInit:  - bDontReuseConnections = false  - Libcurl will reuse connections
LogInit:  - CertBundlePath = nullptr  - Libcurl will use whatever was configured at build time.
LogInit:  - MaxHostConnections = 16  - Libcurl will limit the number of connections to a host
LogInit:  - LocalHostAddr = Default
LogInit: WinSock: version 1.1 (2.2), MaxSocks=32767, MaxUdp=65467
LogInit: WinSock: I am 1407C011 (10.14.0.69:0)
LogHMD: Failed initializing OVRPlugin 1.21.0
LogInit: Build: ++UE4+Release-4.19-CL-4033788
LogInit: Engine Version: 4.19.2-4033788+++UE4+Release-4.19
LogInit: Compatible Engine Version: 4.19.0-3944462+++UE4+Release-4.19
LogInit: Net CL: 3944462
LogDevObjectVersion: Number of dev versions registered: 18
LogDevObjectVersion:   Dev-Blueprints (B0D832E4-1F89-4F0D-ACCF-7EB736FD4AA2): 10
LogDevObjectVersion:   Dev-Build (E1C64328-A22C-4D53-A36C-8E866417BD8C): 0
LogDevObjectVersion:   Dev-Core (375EC13C-06E4-48FB-B500-84F0262A717E): 2
LogDevObjectVersion:   Dev-Editor (E4B068ED-F494-42E9-A231-DA0B2E46BB41): 23
LogDevObjectVersion:   Dev-Framework (CFFC743F-43B0-4480-9391-14DF171D2073): 33
LogDevObjectVersion:   Dev-Mobile (B02B49B5-BB20-44E9-A304-32B752E40360): 2
LogDevObjectVersion:   Dev-Networking (A4E4105C-59A1-49B5-A7C5-40C4547EDFEE): 0
LogDevObjectVersion:   Dev-Online (39C831C9-5AE6-47DC-9A44-9C173E1C8E7C): 0
LogDevObjectVersion:   Dev-Physics (78F01B33-EBEA-4F98-B9B4-84EACCB95AA2): 0
LogDevObjectVersion:   Dev-Platform (6631380F-2D4D-43E0-8009-CF276956A95A): 0
LogDevObjectVersion:   Dev-Rendering (12F88B9F-8875-4AFC-A67C-D90C383ABD29): 25
LogDevObjectVersion:   Dev-Sequencer (7B5AE74C-D270-4C10-A958-57980B212A5A): 6
LogDevObjectVersion:   Dev-VR (D7296918-1DD6-4BDD-9DE2-64A83CC13884): 1
LogDevObjectVersion:   Dev-LoadTimes (C2A15278-BFE7-4AFE-6C17-90FF531DF755): 1
LogDevObjectVersion:   Private-Geometry (6EACA3D4-40EC-4CC1-B786-8BED09428FC5): 2
LogDevObjectVersion:   Dev-AnimPhys (29E575DD-E0A3-4627-9D10-D276232CDCEA): 16
LogDevObjectVersion:   Dev-ReflectionCapture (6B266CEC-1EC7-4B8F-A30B-E4D90942FC07): 1
LogDevObjectVersion:   Dev-Automation (0DF73D61-A23F-47EA-B727-89E90C41499A): 1
LogInit: Compiled (64-bit): Apr 27 2018 02:06:57
LogInit: Compiled with Visual C++: 19.00.24215.01
LogInit: Build Configuration: Development
LogInit: Branch Name: ++UE4+Release-4.19
LogInit: Command Line:  
LogInit: Base Directory: C:/apps/Epic Games/UE_4.19/Engine/Binaries/Win64/
LogInit: Installed Engine Build: 1
LogStreaming: Display: Took  0.000s to delete old logs.
LogInit: Presizing for max 8388607 objects, including 0 objects not considered by GC, pre-allocating 0 bytes for permanent pool.
LogInit: Object subsystem initialized
[2018.08.27-05.33.25:997][  0]LogInit: Selected Device Profile: [Windows]
[2018.08.27-05.33.25:997][  0]LogInit: Applying CVar settings loaded from the selected device profile: [Windows]
[2018.08.27-05.33.26:006][  0]LogInit: Computer: 1407C011
[2018.08.27-05.33.26:006][  0]LogInit: User: jonathonhig6595
[2018.08.27-05.33.26:006][  0]LogInit: CPU Page size=4096, Cores=4
[2018.08.27-05.33.26:006][  0]LogInit: High frequency timer resolution =3.515622 MHz
[2018.08.27-05.33.26:006][  0]LogMemory: Memory total: Physical=15.9GB (16GB approx)
[2018.08.27-05.33.26:006][  0]LogMemory: Platform Memory Stats for Windows
[2018.08.27-05.33.26:006][  0]LogMemory: Process Physical Memory: 278.59 MB used, 278.59 MB peak
[2018.08.27-05.33.26:006][  0]LogMemory: Process Virtual Memory: 268.94 MB used, 268.94 MB peak
[2018.08.27-05.33.26:006][  0]LogMemory: Physical Memory: 10041.71 MB used,  6259.13 MB free, 16300.84 MB total
[2018.08.27-05.33.26:006][  0]LogMemory: Virtual Memory: 746.22 MB used,  6259.13 MB free, 134217728.00 MB total
[2018.08.27-05.33.26:030][  0]LogInit: Using OS detected language (en-US).
[2018.08.27-05.33.26:030][  0]LogInit: Using OS detected locale (en-US).
[2018.08.27-05.33.26:034][  0]LogTextLocalizationManager: No specific localization for 'en-US' exists, so the 'en' localization will be used.
[2018.08.27-05.33.26:420][  0]LogStreaming: Display: Took  0.390s to EndInitTextLocalization.
[2018.08.27-05.33.26:420][  0]LogInit: Setting process to per monitor DPI aware
[2018.08.27-05.33.26:457][  0]LogSlate: New Slate User Created.  User Index 0, Is Virtual User: 0
[2018.08.27-05.33.26:457][  0]LogSlate: Slate User Registered.  User Index 0, Is Virtual User: 0
[2018.08.27-05.33.26:684][  0]LogD3D11RHI: D3D11 adapters:
[2018.08.27-05.33.26:742][  0]LogD3D11RHI:    0. 'NVIDIA GeForce GTX 960' (Feature Level 11_0)
[2018.08.27-05.33.26:742][  0]LogD3D11RHI:       2016/0/8150 MB DedicatedVideo/DedicatedSystem/SharedSystem, Outputs:2, VendorId:0x10de
[2018.08.27-05.33.26:748][  0]LogD3D11RHI:    1. 'Intel(R) HD Graphics 4600' (Feature Level 11_0)
[2018.08.27-05.33.26:748][  0]LogD3D11RHI:       0/0/1792 MB DedicatedVideo/DedicatedSystem/SharedSystem, Outputs:0, VendorId:0x8086
[2018.08.27-05.33.26:750][  0]LogD3D11RHI:    2. 'Microsoft Basic Render Driver' (Feature Level 11_0)
[2018.08.27-05.33.26:750][  0]LogD3D11RHI:       0/0/8150 MB DedicatedVideo/DedicatedSystem/SharedSystem, Outputs:0, VendorId:0x1414
[2018.08.27-05.33.26:750][  0]LogD3D11RHI: Chosen D3D11 Adapter: 0
[2018.08.27-05.33.26:761][  0]LogD3D11RHI: Creating new Direct3DDevice
[2018.08.27-05.33.26:761][  0]LogD3D11RHI:     GPU DeviceId: 0x1401 (for the marketing name, search the web for "GPU Device Id")
[2018.08.27-05.33.26:761][  0]LogWindows: EnumDisplayDevices:
[2018.08.27-05.33.26:761][  0]LogWindows:    0. 'NVIDIA GeForce GTX 960' (P:1 D:1)
[2018.08.27-05.33.26:761][  0]LogWindows:    1. 'NVIDIA GeForce GTX 960' (P:0 D:1)
[2018.08.27-05.33.26:761][  0]LogWindows:    2. 'NVIDIA GeForce GTX 960' (P:0 D:0)
[2018.08.27-05.33.26:761][  0]LogWindows:    3. 'NVIDIA GeForce GTX 960' (P:0 D:0)
[2018.08.27-05.33.26:761][  0]LogWindows:    4. 'Intel(R) HD Graphics 4600' (P:0 D:0)
[2018.08.27-05.33.26:762][  0]LogWindows:    5. 'Intel(R) HD Graphics 4600' (P:0 D:0)
[2018.08.27-05.33.26:762][  0]LogWindows:    6. 'Intel(R) HD Graphics 4600' (P:0 D:0)
[2018.08.27-05.33.26:762][  0]LogWindows:    7. 'Mirage Driver' (P:0 D:0)
[2018.08.27-05.33.26:762][  0]LogWindows: DebugString: GetVideoDriverDetailsInvalid PrimaryIsNotTheChoosenAdapter GetVideoDriverDetailsInvalid PrimaryIsNotTheChoosenAdapter GetVideoDriverDetailsInvalid PrimaryIsNotTheChoosenAdapter GetVideoDriverDetailsInvalid PrimaryIsNotTheChoosenAdapter GetVideoDriverDetailsInvalid PrimaryIsNotTheChoosenAdapter GetVideoDriverDetailsInvalid PrimaryIsNotTheChoosenAdapter GetVideoDriverDetailsInvalid PrimaryIsNotTheChoosenAdapter GetVideoDriverDetailsInvalid PrimaryIsNotTheChoosenAdapter FoundDriverCount:0 
[2018.08.27-05.33.26:762][  0]LogD3D11RHI:     Adapter Name: NVIDIA GeForce GTX 960
[2018.08.27-05.33.26:762][  0]LogD3D11RHI:   Driver Version: Unknown (internal:Unknown, unified:Unknown)
[2018.08.27-05.33.26:762][  0]LogD3D11RHI:      Driver Date: Unknown
[2018.08.27-05.33.26:762][  0]LogRHI: Texture pool is 1411 MB (70% of 2016 MB)
[2018.08.27-05.33.26:792][  0]LogD3D11RHI: [Aftermath] Aftermath enabled but failed to initialize
[2018.08.27-05.33.26:792][  0]LogD3D11RHI: [Aftermath] Aftermath enabled and primed
[2018.08.27-05.33.26:792][  0]LogD3D11RHI: Async texture creation enabled
[2018.08.27-05.33.26:805][  0]LogD3D11RHI: GPU Timing Frequency: 1000.000000 (Debug: 2 1)
[2018.08.27-05.33.26:807][  0]LogShaderCompilers: Guid format shader working directory is -18 characters bigger than the processId version (D:/Users/jonathon.hig6595/Documents/Prototypes/p3v4/carproto3v2/Prototype3/Intermediate/Shaders/WorkingDirectory/18768/).
[2018.08.27-05.33.26:808][  0]LogShaderCompilers: Cleaned the shader compiler working directory 'D:/Users/jonathon.hig6595/AppData/Local/Temp/UnrealShaderWorkingDir/2D0876964F7607321427039304B83781/'.
[2018.08.27-05.33.27:065][  0]LogTemp: Display: Loaded TP AllDesktopTargetPlatform
[2018.08.27-05.33.27:079][  0]LogTemp: Display: Loaded TP MacClientTargetPlatform
[2018.08.27-05.33.27:093][  0]LogTemp: Display: Loaded TP MacNoEditorTargetPlatform
[2018.08.27-05.33.27:107][  0]LogTemp: Display: Loaded TP MacServerTargetPlatform
[2018.08.27-05.33.27:122][  0]LogTemp: Display: Loaded TP MacTargetPlatform
[2018.08.27-05.33.27:137][  0]LogTemp: Display: Loaded TP WindowsClientTargetPlatform
[2018.08.27-05.33.27:150][  0]LogTemp: Display: Loaded TP WindowsNoEditorTargetPlatform
[2018.08.27-05.33.27:165][  0]LogTemp: Display: Loaded TP WindowsServerTargetPlatform
[2018.08.27-05.33.27:172][  0]LogTemp: Display: Loaded TP WindowsTargetPlatform
[2018.08.27-05.33.27:185][  0]LogTemp: Display: Loaded TP Android_ASTCTargetPlatform
[2018.08.27-05.33.27:197][  0]LogTemp: Display: Loaded TP Android_ATCTargetPlatform
[2018.08.27-05.33.27:208][  0]LogTemp: Display: Loaded TP Android_DXTTargetPlatform
[2018.08.27-05.33.27:220][  0]LogTemp: Display: Loaded TP Android_ETC1aTargetPlatform
[2018.08.27-05.33.27:232][  0]LogTemp: Display: Loaded TP Android_ETC1TargetPlatform
[2018.08.27-05.33.27:245][  0]LogTemp: Display: Loaded TP Android_ETC2TargetPlatform
[2018.08.27-05.33.27:269][  0]LogTemp: Display: Loaded TP Android_MultiTargetPlatform
[2018.08.27-05.33.27:269][  0]LogTemp: Display: Loaded TP Android_PVRTCTargetPlatform
[2018.08.27-05.33.27:282][  0]LogTemp: Display: Loaded TP AndroidTargetPlatform
[2018.08.27-05.33.27:284][  0]LogTemp: Display: Loaded TP HTML5TargetPlatform
[2018.08.27-05.33.27:320][  0]LogTemp: Display: Loaded TP IOSTargetPlatform
[2018.08.27-05.33.27:333][  0]LogTemp: Display: Loaded TP TVOSTargetPlatform
[2018.08.27-05.33.27:347][  0]LogTemp: Display: Loaded TP LinuxClientTargetPlatform
[2018.08.27-05.33.27:360][  0]LogTemp: Display: Loaded TP LinuxNoEditorTargetPlatform
[2018.08.27-05.33.27:372][  0]LogTemp: Display: Loaded TP LinuxServerTargetPlatform
[2018.08.27-05.33.27:385][  0]LogTemp: Display: Loaded TP LinuxTargetPlatform
[2018.08.27-05.33.27:385][  0]LogTargetPlatformManager: Display: Building Assets For Windows
[2018.08.27-05.33.27:567][  0]LogXGEController: Cleaning working directory: D:/Users/jonathon.hig6595/AppData/Local/Temp/UnrealXGEWorkingDir/
[2018.08.27-05.33.27:567][  0]LogXGEController: Cannot use XGE Controller as Incredibuild is not installed on this machine.
[2018.08.27-05.33.27:567][  0]LogShaderCompilers: Cannot use XGE Shader Compiler as Incredibuild is not installed on this machine.
[2018.08.27-05.33.27:567][  0]LogShaderCompilers: Display: Using Local Shader Compiler.
[2018.08.27-05.33.28:343][  0]LogDerivedDataCache: Display: Max Cache Size: 512 MB
[2018.08.27-05.33.28:406][  0]LogDerivedDataCache: Loaded boot cache 0.06s 74MB D:/Users/jonathon.hig6595/AppData/Local/UnrealEngine/4.19/DerivedDataCache/Boot.ddc.
[2018.08.27-05.33.28:407][  0]LogDerivedDataCache: Display: Loaded Boot cache: D:/Users/jonathon.hig6595/AppData/Local/UnrealEngine/4.19/DerivedDataCache/Boot.ddc
[2018.08.27-05.33.28:407][  0]LogDerivedDataCache: FDerivedDataBackendGraph:  Pak pak cache file D:/Users/jonathon.hig6595/Documents/Prototypes/p3v4/carproto3v2/Prototype3/DerivedDataCache/DDC.ddp not found, will not use a pak cache.
[2018.08.27-05.33.28:407][  0]LogDerivedDataCache: Unable to find inner node Pak for hierarchical cache Hierarchy.
[2018.08.27-05.33.28:407][  0]LogDerivedDataCache: FDerivedDataBackendGraph:  CompressedPak pak cache file D:/Users/jonathon.hig6595/Documents/Prototypes/p3v4/carproto3v2/Prototype3/DerivedDataCache/Compressed.ddp not found, will not use a pak cache.
[2018.08.27-05.33.28:407][  0]LogDerivedDataCache: Unable to find inner node CompressedPak for hierarchical cache Hierarchy.
[2018.08.27-05.33.28:422][  0]LogDerivedDataCache: Display: Pak cache opened for reading ../../../Engine/DerivedDataCache/Compressed.ddp.
[2018.08.27-05.33.28:434][  0]LogDerivedDataCache: Using Local data cache path D:/Users/jonathon.hig6595/AppData/Local/UnrealEngine/Common/DerivedDataCache: Writable
[2018.08.27-05.33.28:434][  0]LogDerivedDataCache: Shared data cache path not found in *engine.ini, will not use an Shared cache.
[2018.08.27-05.33.28:434][  0]LogDerivedDataCache: Unable to find inner node Shared for hierarchical cache Hierarchy.
[2018.08.27-05.33.28:444][  0]LogMaterial: Verifying Global Shaders for PCD3D_SM5
[2018.08.27-05.33.28:445][  0]LogSlate: Using Freetype 2.6.0
[2018.08.27-05.33.28:445][  0]LogSlate: SlateFontCache - WITH_FREETYPE: 1, WITH_HARFBUZZ: 1
[2018.08.27-05.33.28:446][  0]LogSlate: SlateFontCache - WITH_FREETYPE: 1, WITH_HARFBUZZ: 1
[2018.08.27-05.33.28:621][  0]LogAssetRegistry: FAssetRegistry took 0.0261 seconds to start up
[2018.08.27-05.33.28:911][  0]LogInit: Selected Device Profile: [Windows]
[2018.08.27-05.33.29:086][  0]LogSimplygon: Simplygon DLL not present - disabling.
[2018.08.27-05.33.29:089][  0]LogMeshReduction: Using SimplygonSwarm for distributed automatic mesh merging
[2018.08.27-05.33.29:090][  0]LogMeshReduction: Using QuadricMeshReduction for automatic static mesh reduction
[2018.08.27-05.33.29:090][  0]LogMeshReduction: No automatic skeletal mesh reduction module available
[2018.08.27-05.33.29:090][  0]LogMeshReduction: No automatic mesh merging module available
[2018.08.27-05.33.29:090][  0]LogMeshMerging: No automatic mesh merging module available
[2018.08.27-05.33.29:147][  0]LogNetVersion: Prototype3 , NetCL: 3944462, EngineNetVer: 2, GameNetVer: 0 (Checksum: 206204210)
[2018.08.27-05.33.29:597][  0]LogPackageLocalizationCache: Processed 10 localized package path(s) for 2 prioritized culture(s) in 0.107825 seconds
[2018.08.27-05.33.29:603][  0]LogUObjectArray: 36728 objects as part of root set at end of initial load.
[2018.08.27-05.33.29:603][  0]LogUObjectAllocator: 7314312 out of 0 bytes used by permanent object pool.
[2018.08.27-05.33.29:603][  0]LogUObjectArray: CloseDisregardForGC: 0/0 objects in disregard for GC pool
[2018.08.27-05.33.31:503][  0]LogTcpMessaging: Initializing TcpMessaging bridge
[2018.08.27-05.33.31:566][  0]LogUdpMessaging: Initializing bridge on interface 0.0.0.0:0 to multicast group 230.0.0.1:6666.
[2018.08.27-05.33.32:273][  0]SourceControl: Source control is disabled
[2018.08.27-05.33.32:273][  0]SourceControl: Source control is disabled
[2018.08.27-05.33.32:313][  0]SourceControl: Source control is disabled
[2018.08.27-05.33.32:353][  0]SourceControl: Source control is disabled
[2018.08.27-05.33.33:328][  0]LogAndroidPermission: UAndroidPermissionCallbackProxy::GetInstance
[2018.08.27-05.33.33:598][  0]LogOcInput: OculusInput pre-init called
[2018.08.27-05.33.33:768][  0]LogPython: Python Scripts search path: D:/Users/jonathon.hig6595/Documents/Prototypes/p3v4/carproto3v2/Prototype3/Content/Scripts
[2018.08.27-05.33.33:768][  0]LogPython: Python Scripts search path: ../../../Engine/Plugins/UnrealEnginePython
[2018.08.27-05.33.33:768][  0]LogPython: Python VM initialized: 3.6.2 (v3.6.2:5fd33b5, Jul  8 2017, 04:57:36) [MSC v.1900 64 bit (AMD64)]
[2018.08.27-05.33.33:944][  0]LogPython: ####################----------Python Integration for Megascans Initialized----------####################
[2018.08.27-05.33.33:944][  0]LogPython: 

[2018.08.27-05.33.33:944][  0]LogPython: C:\apps\Epic Games\UE_4.19\Engine\Plugins\UnrealEnginePython\
[2018.08.27-05.33.33:944][  0]LogPython: 

[2018.08.27-05.33.33:999][  0]LogPython: Megascans Integration - LiveLink Initialized...
[2018.08.27-05.33.33:999][  0]LogPython: 

[2018.08.27-05.33.34:000][  0]LogPython: ue_site Python module successfully imported
[2018.08.27-05.33.34:101][  0]LogEngine: Initializing Engine...
[2018.08.27-05.33.34:102][  0]LogHMD: Failed to initialize OpenVR with code 110
[2018.08.27-05.33.34:103][  0]LogStats: UGameplayTagsManager::ConstructGameplayTagTree: Construct from data asset -  0.000 s
[2018.08.27-05.33.34:103][  0]LogStats: UGameplayTagsManager::ConstructGameplayTagTree: GameplayTagTreeChangedEvent.Broadcast -  0.000 s
[2018.08.27-05.33.34:307][  0]LogAIModule: Creating AISystem for world Untitled
[2018.08.27-05.33.34:320][  0]LogInit: XAudio2 using 'Realtek Digital Output (Realtek High Definition Audio)' : 2 channels at 48 kHz using 16 bits per sample (channel mask 0x3)
[2018.08.27-05.33.34:337][  0]LogInit: FAudioDevice initialized.
[2018.08.27-05.33.34:481][  0]LogDerivedDataCache: Saved boot cache 0.14s 74MB D:/Users/jonathon.hig6595/AppData/Local/UnrealEngine/4.19/DerivedDataCache/Boot.ddc.
[2018.08.27-05.33.34:489][  0]LogInit: Texture streaming: Enabled
[2018.08.27-05.33.34:509][  0]LogEngineSessionManager: EngineSessionManager initialized
[2018.08.27-05.33.34:524][  0]LogInit: Transaction tracking system initialized
[2018.08.27-05.33.34:555][  0]BlueprintLog: New page: Editor Load
[2018.08.27-05.33.34:640][  0]LocalizationService: Localization service is disabled
[2018.08.27-05.33.34:806][  0]LogConsoleResponse: Display: 
[2018.08.27-05.33.34:962][  0]LogCook: Display: Max memory allowance for cook 16384mb min free memory 0mb
[2018.08.27-05.33.34:962][  0]LogCook: Display: Mobile HDR setting 1
[2018.08.27-05.33.34:962][  0]LogGameplayTags: Display: UGameplayTagsManager::DoneAddingNativeTags. DelegateIsBound: 0
[2018.08.27-05.33.34:962][  0]LogStats: UGameplayTagsManager::ConstructGameplayTagTree: Construct from data asset -  0.000 s
[2018.08.27-05.33.34:962][  0]LogStats: UGameplayTagsManager::ConstructGameplayTagTree: GameplayTagTreeChangedEvent.Broadcast -  0.000 s
[2018.08.27-05.33.35:686][  0]LogFileCache: Scanning file cache for directory 'D:/Users/jonathon.hig6595/Documents/Prototypes/p3v4/carproto3v2/Prototype3/Content/' took 0.01s
[2018.08.27-05.33.35:686][  0]SourceControl: Source control is disabled
[2018.08.27-05.33.35:686][  0]Cmd: MAP LOAD FILE="D:/Users/jonathon.hig6595/Documents/Prototypes/p3v4/carproto3v2/Prototype3/Content/john/LevelDesign.umap" TEMPLATE=0 SHOWPROGRESS=1 FEATURELEVEL=3
[2018.08.27-05.33.35:686][  0]LightingResults: New page: Lighting Build
[2018.08.27-05.33.35:689][  0]MapCheck: New page: Map Check
[2018.08.27-05.33.35:689][  0]LightingResults: New page: Lighting Build
[2018.08.27-05.33.35:709][  0]LogUObjectGlobals: Created PersistentFrame Addr=0x000001749266e668, Size=4, Default__Sedan_AnimBP_C Function /Game/Sedan/Sedan_AnimBP.Sedan_AnimBP_C:ExecuteUbergraph_Sedan_AnimBP
[2018.08.27-05.33.35:736][  0]LogUObjectGlobals: Created PersistentFrame Addr=0x000001748f794160, Size=48, Default__BTD_UpdateRoute_C Function /Game/Sedan/AI/BTD_UpdateRoute.BTD_UpdateRoute_C:ExecuteUbergraph_BTD_UpdateRoute
[2018.08.27-05.33.35:739][  0]LogUObjectGlobals: Destroyed PersistentFrame Addr=0x000001748f794160, Size=48
[2018.08.27-05.33.35:739][  0]LogUObjectGlobals: Created PersistentFrame Addr=0x000001748f794160, Size=48, Default__BTD_UpdateRoute_C Function /Engine/Transient.REINST_BTD_UpdateRoute_C_6:ExecuteUbergraph_BTD_UpdateRoute
[2018.08.27-05.33.35:741][  0]LogUObjectGlobals: Created PersistentFrame Addr=0x000001748f795510, Size=48, Default__BTD_UpdateRoute_C Function /Game/Sedan/AI/BTD_UpdateRoute.BTD_UpdateRoute_C:ExecuteUbergraph_BTD_UpdateRoute
[2018.08.27-05.33.35:749][  0]LogUObjectGlobals: Created PersistentFrame Addr=0x00000174961a2f80, Size=120, Default__AISedan_C Function /Game/Sedan/AI/AISedan.AISedan_C:ExecuteUbergraph_AISedan
[2018.08.27-05.33.35:772][  0]LogLinker: Warning: Unable to load NavComponent with outer SedanController_C /Game/Sedan/AI/SedanController.Default__SedanController_C because its class does not exist
[2018.08.27-05.33.35:784][  0]LogUObjectGlobals: Destroyed PersistentFrame Addr=0x00000174961a2f80, Size=120
[2018.08.27-05.33.35:784][  0]LogUObjectGlobals: Created PersistentFrame Addr=0x00000174961a2f80, Size=120, Default__AISedan_C Function /Engine/Transient.REINST_AISedan_C_10:ExecuteUbergraph_AISedan
[2018.08.27-05.33.35:795][  0]LogBlueprint: Warning: Node '/Game/Sedan/AI/SedanController.SedanController:EdGraph_0.K2Node_FunctionEntry_127' missing NodeGuid because of upgrade from old package version, this can cause deterministic cooking issues please resave package.
[2018.08.27-05.33.35:797][  0]LogUObjectGlobals: Created PersistentFrame Addr=0x00000174961a1b00, Size=120, Default__AISedan_C Function /Game/Sedan/AI/AISedan.AISedan_C:ExecuteUbergraph_AISedan
[2018.08.27-05.33.35:798][  0]LogUObjectGlobals: Created PersistentFrame Addr=0x0000017495cfd360, Size=112, Default__BTT_MoveTo_C Function /Game/Sedan/AI/BTT_MoveTo.BTT_MoveTo_C:ExecuteUbergraph_BTT_MoveTo
[2018.08.27-05.33.35:798][  0]LogUObjectGlobals: Created PersistentFrame Addr=0x00000174fb78aae0, Size=8, Default__SedanController_C Function /Game/Sedan/AI/SedanController.SedanController_C:ExecuteUbergraph_SedanController
[2018.08.27-05.33.35:926][  0]LogUObjectGlobals: Created PersistentFrame Addr=0x0000017495990fa0, Size=4, Default__VehicleAnimationBlueprint_C Function /Game/VehicleAdv/Vehicle/VehicleAnimationBlueprint.VehicleAnimationBlueprint_C:ExecuteUbergraph_VehicleAnimationBlueprint
[2018.08.27-05.33.35:941][  0]LogUObjectGlobals: Destroyed PersistentFrame Addr=0x0000017495990fa0, Size=4
[2018.08.27-05.33.35:941][  0]LogUObjectGlobals: Created PersistentFrame Addr=0x0000017495990fa0, Size=4, Default__VehicleAnimationBlueprint_C Function /Engine/Transient.REINST_VehicleAnimationBlueprint_C_1:ExecuteUbergraph_VehicleAnimationBlueprint
[2018.08.27-05.33.35:948][  0]LogUObjectGlobals: Created PersistentFrame Addr=0x0000017495990808, Size=4, Default__VehicleAnimationBlueprint_C Function /Game/VehicleAdv/Vehicle/VehicleAnimationBlueprint.VehicleAnimationBlueprint_C:ExecuteUbergraph_VehicleAnimationBlueprint
[2018.08.27-05.33.35:952][  0]LogUObjectGlobals: Created PersistentFrame Addr=0x00000174968e9260, Size=144, Default__VehicleAdvHud_C Function /Game/VehicleAdvBP/Blueprints/VehicleAdvHud.VehicleAdvHud_C:ExecuteUbergraph_VehicleAdvHud
[2018.08.27-05.33.35:954][  0]LogUObjectGlobals: Created PersistentFrame Addr=0x00000174962a1280, Size=392, Default__VehicleBlueprint_C Function /Game/VehicleAdvBP/Blueprints/VehicleBlueprint.VehicleBlueprint_C:ExecuteUbergraph_VehicleBlueprint
[2018.08.27-05.33.35:997][  0]LogUObjectGlobals: Destroyed PersistentFrame Addr=0x00000174968e9260, Size=144
[2018.08.27-05.33.35:997][  0]LogUObjectGlobals: Created PersistentFrame Addr=0x0000017496d79f80, Size=144, Default__VehicleAdvHud_C Function /Engine/Transient.REINST_VehicleAdvHud_C_23:ExecuteUbergraph_VehicleAdvHud
[2018.08.27-05.33.35:997][  0]LogUObjectGlobals: Destroyed PersistentFrame Addr=0x00000174962a1280, Size=392
[2018.08.27-05.33.35:997][  0]LogUObjectGlobals: Created PersistentFrame Addr=0x0000017499a1f900, Size=392, Default__VehicleBlueprint_C Function /Engine/Transient.REINST_VehicleBlueprint_C_24:ExecuteUbergraph_VehicleBlueprint
[2018.08.27-05.33.36:006][  0]LogUObjectGlobals: Created PersistentFrame Addr=0x00000174999c5a80, Size=144, Default__VehicleAdvHud_C Function /Game/VehicleAdvBP/Blueprints/VehicleAdvHud.VehicleAdvHud_C:ExecuteUbergraph_VehicleAdvHud
[2018.08.27-05.33.36:008][  0]LogUObjectGlobals: Created PersistentFrame Addr=0x0000017499a1db40, Size=392, Default__VehicleBlueprint_C Function /Game/VehicleAdvBP/Blueprints/VehicleBlueprint.VehicleBlueprint_C:ExecuteUbergraph_VehicleBlueprint
[2018.08.27-05.33.36:054][  0]LogUObjectGlobals: Created PersistentFrame Addr=0x000001749997a8d0, Size=112, Default__LevelDesign_C Function /Game/john/LevelDesign.LevelDesign_C:ExecuteUbergraph_LevelDesign
[2018.08.27-05.33.36:057][  0]LogBlueprint: Warning: [Compiler PersistentLevel.LevelDesign] Set : 'swap' variable not found. Base class was probably changed. /Game/john/LevelDesign.LevelDesign:PersistentLevel.LevelDesign
[2018.08.27-05.33.36:057][  0]LogBlueprint: Warning: [Compiler PersistentLevel.LevelDesign] Set swap : 'swap' variable not found. Base class was probably changed. /Game/john/LevelDesign.LevelDesign:PersistentLevel.LevelDesign
[2018.08.27-05.33.36:057][  0]LogBlueprint: Warning: [Compiler PersistentLevel.LevelDesign] Set : 'swap' variable not found. Base class was probably changed. /Game/john/LevelDesign.LevelDesign:PersistentLevel.LevelDesign
[2018.08.27-05.33.36:057][  0]LogBlueprint: Warning: [Compiler PersistentLevel.LevelDesign] Set swap : 'swap' variable not found. Base class was probably changed. /Game/john/LevelDesign.LevelDesign:PersistentLevel.LevelDesign
[2018.08.27-05.33.36:058][  0]LogUObjectGlobals: Destroyed PersistentFrame Addr=0x000001749997a8d0, Size=112
[2018.08.27-05.33.36:058][  0]LogUObjectGlobals: Created PersistentFrame Addr=0x000001749997a8d0, Size=112, Default__LevelDesign_C Function /Engine/Transient.REINST_LevelDesign_C_29:ExecuteUbergraph_LevelDesign
[2018.08.27-05.33.36:060][  0]LogUObjectGlobals: Created PersistentFrame Addr=0x00000174f1e78410, Size=112, Default__LevelDesign_C Function /Game/john/LevelDesign.LevelDesign_C:ExecuteUbergraph_LevelDesign
[2018.08.27-05.33.36:061][  0]LogBlueprint: Warning: [Compiler PersistentLevel.LevelDesign] [0013.21] Compile of PersistentLevel.LevelDesign successful, but with 4 Warning(s) [in 4 ms] (/Game/john/LevelDesign.LevelDesign:PersistentLevel.LevelDesign)
[2018.08.27-05.33.36:948][  0]LogTexture: Display: Building textures: Car_lightpoly_lambert1_OcclusionRoughnessMetallic (AutoDXT, 2048X2048)
[2018.08.27-05.33.36:948][  0]LogTexture: Display: Building textures: Car_lightpoly_lambert1_BaseColor (AutoDXT, 2048X2048)
[2018.08.27-05.33.36:948][  0]LogTexture: Display: Building textures: Car_lightpoly_lambert1_Emissive (AutoDXT, 2048X2048)
[2018.08.27-05.33.36:948][  0]LogTexture: Display: Building textures: Car_lightpoly_lambert1_Normal (BC5, 2048X2048)
[2018.08.27-05.33.36:950][  0]LogBlueprint: Warning: Node '/Game/Sedan/Sedan_AnimBP.Sedan_AnimBP:AnimGraph.AnimGraphNode_ComponentToLocalSpace_3' missing NodeGuid because of upgrade from old package version, this can cause deterministic cooking issues please resave package.
[2018.08.27-05.33.36:950][  0]LogBlueprint: Warning: Node '/Game/Sedan/Sedan_AnimBP.Sedan_AnimBP:AnimGraph.AnimGraphNode_MeshRefPose_3' missing NodeGuid because of upgrade from old package version, this can cause deterministic cooking issues please resave package.
[2018.08.27-05.33.36:950][  0]LogBlueprint: Warning: Node '/Game/Sedan/Sedan_AnimBP.Sedan_AnimBP:AnimGraph.AnimGraphNode_Root_3' missing NodeGuid because of upgrade from old package version, this can cause deterministic cooking issues please resave package.
[2018.08.27-05.33.36:950][  0]LogBlueprint: Warning: Node '/Game/Sedan/Sedan_AnimBP.Sedan_AnimBP:AnimGraph.AnimGraphNode_WheelHandler_1' missing NodeGuid because of upgrade from old package version, this can cause deterministic cooking issues please resave package.
[2018.08.27-05.33.36:951][  0]LogBlueprint: Warning: Node '/Game/Sedan/AI/SedanController.SedanController:EventGraph.K2Node_CallFunction_1133172' missing NodeGuid because of upgrade from old package version, this can cause deterministic cooking issues please resave package.
[2018.08.27-05.33.36:951][  0]LogBlueprint: Warning: Node '/Game/Sedan/AI/SedanController.SedanController:EventGraph.K2Node_Event_15222' missing NodeGuid because of upgrade from old package version, this can cause deterministic cooking issues please resave package.
[2018.08.27-05.33.36:951][  0]LogBlueprint: Warning: Node '/Game/Sedan/AI/SedanController.SedanController:UserConstructionScript.K2Node_FunctionEntry_127' missing NodeGuid because of upgrade from old package version, this can cause deterministic cooking issues please resave package.
[2018.08.27-05.33.36:957][  0]LogSkeletalMesh: Skeletal Mesh found in DDC [1.497032ms] /Game/Sedan/Sedan_SkelMesh.Sedan_SkelMesh
[2018.08.27-05.33.36:959][  0]LogClass: Warning: Enum '/Game/Sedan/AI/SedanMovementState.SedanMovementState' was upgraded to use FText to store its display name data. Please re-save this asset to avoid issues with localization and determinstic cooking.
[2018.08.27-05.33.36:963][  0]LogBlueprint: Warning: Node '/Game/Sedan/AI/BTT_MoveTo.BTT_MoveTo:EventGraph.EdGraphNode_Comment_1608' missing NodeGuid because of upgrade from old package version, this can cause deterministic cooking issues please resave package.
[2018.08.27-05.33.36:964][  0]LogBlueprint: Warning: Node '/Game/Sedan/AI/BTT_MoveTo.BTT_MoveTo:EventGraph.K2Node_AddDelegate_542' missing NodeGuid because of upgrade from old package version, this can cause deterministic cooking issues please resave package.
[2018.08.27-05.33.36:964][  0]LogBlueprint: Warning: Node '/Game/Sedan/AI/BTT_MoveTo.BTT_MoveTo:EventGraph.K2Node_CallFunction_1037423' missing NodeGuid because of upgrade from old package version, this can cause deterministic cooking issues please resave package.
[2018.08.27-05.33.36:964][  0]LogBlueprint: Warning: Node '/Game/Sedan/AI/BTT_MoveTo.BTT_MoveTo:EventGraph.K2Node_CallFunction_1061859' missing NodeGuid because of upgrade from old package version, this can cause deterministic cooking issues please resave package.
[2018.08.27-05.33.36:964][  0]LogBlueprint: Warning: Node '/Game/Sedan/AI/BTT_MoveTo.BTT_MoveTo:EventGraph.K2Node_CallFunction_1062048' missing NodeGuid because of upgrade from old package version, this can cause deterministic cooking issues please resave package.
[2018.08.27-05.33.36:964][  0]LogBlueprint: Warning: Node '/Game/Sedan/AI/BTT_MoveTo.BTT_MoveTo:EventGraph.K2Node_CallFunction_1064701' missing NodeGuid because of upgrade from old package version, this can cause deterministic cooking issues please resave package.
[2018.08.27-05.33.36:964][  0]LogBlueprint: Warning: Node '/Game/Sedan/AI/BTT_MoveTo.BTT_MoveTo:EventGraph.K2Node_CallFunction_1066242' missing NodeGuid because of upgrade from old package version, this can cause deterministic cooking issues please resave package.
[2018.08.27-05.33.36:964][  0]LogBlueprint: Warning: Node '/Game/Sedan/AI/BTT_MoveTo.BTT_MoveTo:EventGraph.K2Node_CustomEvent_933' missing NodeGuid because of upgrade from old package version, this can cause deterministic cooking issues please resave package.
[2018.08.27-05.33.36:964][  0]LogBlueprint: Warning: Node '/Game/Sedan/AI/BTT_MoveTo.BTT_MoveTo:EventGraph.K2Node_DynamicCast_3536' missing NodeGuid because of upgrade from old package version, this can cause deterministic cooking issues please resave package.
[2018.08.27-05.33.36:964][  0]LogBlueprint: Warning: Node '/Game/Sedan/AI/BTT_MoveTo.BTT_MoveTo:EventGraph.K2Node_DynamicCast_3545' missing NodeGuid because of upgrade from old package version, this can cause deterministic cooking issues please resave package.
[2018.08.27-05.33.36:964][  0]LogBlueprint: Warning: Node '/Game/Sedan/AI/BTT_MoveTo.BTT_MoveTo:EventGraph.K2Node_DynamicCast_6776' missing NodeGuid because of upgrade from old package version, this can cause deterministic cooking issues please resave package.
[2018.08.27-05.33.36:964][  0]LogBlueprint: Warning: Node '/Game/Sedan/AI/BTT_MoveTo.BTT_MoveTo:EventGraph.K2Node_Event_14305' missing NodeGuid because of upgrade from old package version, this can cause deterministic cooking issues please resave package.
[2018.08.27-05.33.36:964][  0]LogBlueprint: Warning: Node '/Game/Sedan/AI/BTT_MoveTo.BTT_MoveTo:EventGraph.K2Node_VariableGet_4589' missing NodeGuid because of upgrade from old package version, this can cause deterministic cooking issues please resave package.
[2018.08.27-05.33.37:160][  0]LogStaticMesh: Building static mesh car_body...
[2018.08.27-05.33.37:181][  0]LogStaticMesh: Built static mesh [0.02s] /Game/john/car/car_body.car_body
[2018.08.27-05.33.37:234][  0]LogSkeletalMesh: Skeletal Mesh found in DDC [10.575653ms] /Game/VehicleAdv/Vehicle/Vehicle_SkelMesh.Vehicle_SkelMesh
[2018.08.27-05.33.37:802][  0]LogMaterial: Missing cached shader map for material car_main, compiling. 
[2018.08.27-05.33.37:902][  0]LogShaderCompilers: Display: Shaders left to compile 22
[2018.08.27-05.33.37:902][  0]LogShaderCompilers: Display: Shaders left to compile 12
[2018.08.27-05.33.37:902][  0]LogShaderCompilers: Display: Shaders left to compile 2
[2018.08.27-05.33.37:902][  0]LogAIModule: Creating AISystem for world LevelDesign
[2018.08.27-05.33.39:391][  0]LogEditorServer: Finished looking for orphan Actors (0.000 secs)
[2018.08.27-05.33.39:473][  0]LogUObjectGlobals: Destroyed PersistentFrame Addr=0x000001748f794160, Size=48
[2018.08.27-05.33.39:473][  0]LogUObjectGlobals: Destroyed PersistentFrame Addr=0x00000174961a2f80, Size=120
[2018.08.27-05.33.39:473][  0]LogUObjectGlobals: Destroyed PersistentFrame Addr=0x0000017495990fa0, Size=4
[2018.08.27-05.33.39:473][  0]LogUObjectGlobals: Destroyed PersistentFrame Addr=0x0000017496d79f80, Size=144
[2018.08.27-05.33.39:473][  0]LogUObjectGlobals: Destroyed PersistentFrame Addr=0x0000017499a1f900, Size=392
[2018.08.27-05.33.39:474][  0]LogUObjectGlobals: Destroyed PersistentFrame Addr=0x000001749997a8d0, Size=112
[2018.08.27-05.33.39:565][  0]Cmd: MAP CHECKDEP NOCLEARLOG
[2018.08.27-05.33.39:680][  0]MapCheck: Map check complete: 0 Error(s), 0 Warning(s), took 115.128ms to complete.
[2018.08.27-05.33.39:680][  0]LogFileHelpers: Loading map 'LevelDesign' took 3.994
[2018.08.27-05.33.39:828][  0]LogCollectionManager: Loaded 0 collections in 0.002886 seconds
[2018.08.27-05.33.39:875][  0]LogFileCache: Scanning file cache for directory 'D:/Users/jonathon.hig6595/Documents/Prototypes/p3v4/carproto3v2/Prototype3/Saved/Collections/' took 0.01s
[2018.08.27-05.33.39:875][  0]LogFileCache: Scanning file cache for directory 'D:/Users/jonathon.hig6595/Documents/Prototypes/p3v4/carproto3v2/Prototype3/Content/Developers/jonathonhig6595/Collections/' took 0.01s
[2018.08.27-05.33.39:875][  0]LogFileCache: Scanning file cache for directory 'D:/Users/jonathon.hig6595/Documents/Prototypes/p3v4/carproto3v2/Prototype3/Content/Collections/' took 0.01s
[2018.08.27-05.33.39:875][  0]LogCollectionManager: Rebuilt the GUID cache for 0 collections in 0.000000 seconds
[2018.08.27-05.33.39:885][  0]LogContentBrowser: Native class hierarchy populated in 0.0103 seconds. Added 2473 classes and 568 folders.
[2018.08.27-05.33.39:893][  0]LogContentBrowser: Native class hierarchy updated for 'WidgetCarousel' in 0.0003 seconds. Added 0 classes and 0 folders.
[2018.08.27-05.33.39:953][  0]LogContentBrowser: Native class hierarchy updated for 'AddContentDialog' in 0.0002 seconds. Added 0 classes and 0 folders.
[2018.08.27-05.33.39:961][  0]LogContentBrowser: Native class hierarchy updated for 'SceneOutliner' in 0.0004 seconds. Added 1 classes and 2 folders.
[2018.08.27-05.33.40:062][  0]LogSlate: Took 0.000319 seconds to synchronously load lazily loaded font '../../../Engine/Content/Slate/Fonts/Roboto-Regular.ttf' (155K)
[2018.08.27-05.33.40:065][  0]LogSlate: Took 0.000392 seconds to synchronously load lazily loaded font '../../../Engine/Content/Slate/Fonts/Roboto-Bold.ttf' (160K)
[2018.08.27-05.33.40:072][  0]LogSlate: Took 0.000320 seconds to synchronously load lazily loaded font '../../../Engine/Content/Editor/Slate/Fonts/FontAwesome.ttf' (139K)
[2018.08.27-05.33.40:075][  0]LogSlate: Took 0.000207 seconds to synchronously load lazily loaded font '../../../Engine/Content/Slate/Fonts/DroidSansMono.ttf' (77K)
[2018.08.27-05.33.40:241][  0]LogRenderer: Reallocating scene render targets to support 1088x648 Format 10 NumSamples 1 (Frame:1).
[2018.08.27-05.33.40:387][  0]LogContentBrowser: Native class hierarchy updated for 'HierarchicalLODOutliner' in 0.0002 seconds. Added 0 classes and 0 folders.
[2018.08.27-05.33.40:388][  0]LogLoad: (Engine Initialization) Total time: 17.54 seconds
[2018.08.27-05.33.40:388][  0]LogLoad: (Engine Initialization) Total Blueprint compile time: 0.00 seconds
[2018.08.27-05.33.40:397][  0]LogWindowsTextInputMethodSystem: Display: IME system now deactivated.
[2018.08.27-05.33.40:398][  0]LogRawInputWindows: Warning: Found device 0 devices
[2018.08.27-05.33.40:398][  0]LogRawInputWindows: Warning: Found device 0 devices
[2018.08.27-05.33.40:399][  0]LogRawInputWindows: Warning: Device was registered succesfully but not connected (Usage:4 UsagePage:1)
[2018.08.27-05.33.40:399][  0]LogRawInputWindows: Warning: Found device 1 devices
[2018.08.27-05.33.40:399][  0]LogRawInputWindows: Warning: Device was registered succesfully but not connected (Usage:5 UsagePage:1)
[2018.08.27-05.33.40:491][  0]LogContentStreaming: Texture pool size now 1000 MB
[2018.08.27-05.33.40:524][  0]LogSlate: Took 0.000306 seconds to synchronously load lazily loaded font '../../../Engine/Content/Slate/Fonts/Roboto-Light.ttf' (167K)
[2018.08.27-05.33.40:546][  1]LogAssetRegistry: Asset discovery search completed in 11.9473 seconds
[2018.08.27-05.33.40:549][  1]LogCollectionManager: Rebuilt the object cache for 0 collections in 0.000001 seconds (found 0 objects)
[2018.08.27-05.33.40:549][  1]LogCollectionManager: Fixed up redirectors for 0 collections in 0.000273 seconds (updated 0 objects)
[2018.08.27-05.33.40:639][  4]LogPython: tcp server spawned on 127.0.0.1:13428
