"D:/MDS/UESaves/githubmay/carproto3v2/Prototype3/Content/Art/AllNewAnimations/CAR_lambert1_BaseColor.uasset" 0
"D:/MDS/UESaves/githubmay/carproto3v2/Prototype3/Content/Art/AllNewAnimations/CAR_lambert1_Metallic.uasset" 1
"D:/MDS/UESaves/githubmay/carproto3v2/Prototype3/Content/Art/AllNewAnimations/CAR_lambert1_Roughness.uasset" 2
"D:/MDS/UESaves/githubmay/carproto3v2/Prototype3/Content/Art/AllNewAnimations/car1.uasset" 3
"D:/MDS/UESaves/githubmay/carproto3v2/Prototype3/Content/Art/AllNewAnimations/hoveraprilrigged3_PhysicsAsset.uasset" 4
"D:/MDS/UESaves/githubmay/carproto3v2/Prototype3/Content/Art/AllNewAnimations/hoveraprilrigged3_Skeleton.uasset" 5
"D:/MDS/UESaves/githubmay/carproto3v2/Prototype3/Content/Art/AllNewAnimations/hoveraprilrigged3.uasset" 6
"D:/MDS/UESaves/githubmay/carproto3v2/Prototype3/Content/Art/AllNewAnimations/HoverShipfixedapril.uasset" 7
"D:/MDS/UESaves/githubmay/carproto3v2/Prototype3/Content/Art/AllNewAnimations/lambert1.uasset" 8
"D:/MDS/UESaves/githubmay/carproto3v2/Prototype3/Content/Art/AllNewAnimations/lambert2.uasset" 9
"D:/MDS/UESaves/githubmay/carproto3v2/Prototype3/Content/Art/AllNewAnimations/Mat_invisible.uasset" 10
"D:/MDS/UESaves/githubmay/carproto3v2/Prototype3/Content/Art/AllNewAnimations/WideShip/lambert1.uasset" 11
"D:/MDS/UESaves/githubmay/carproto3v2/Prototype3/Content/Art/AllNewAnimations/WideShip/left13_PhysicsAsset.uasset" 12
"D:/MDS/UESaves/githubmay/carproto3v2/Prototype3/Content/Art/Assets/ENV_Textures/ENVSand_Diffuse.uasset" 13
"../../../Engine/Content/Functions/Engine_MaterialFunctions01/Opacity/CameraDepthFade.uasset" 14
"../../../Engine/Content/EngineMaterials/T_Default_Material_Grid_M.uasset" 15
"../../../Engine/Content/EngineMaterials/T_Default_Material_Grid_N.uasset" 16
"../../../Engine/Content/EngineMaterials/WorldGridMaterial.uasset" 17
"D:/MDS/UESaves/githubmay/carproto3v2/Prototype3/Content/Art/Assets/Foliage/11/Foliage_01.uasset" 18
"D:/MDS/UESaves/githubmay/carproto3v2/Prototype3/Content/Art/Assets/Foliage/11/Leaf_Base_Color.uasset" 19
"D:/MDS/UESaves/githubmay/carproto3v2/Prototype3/Content/Art/Assets/Foliage/11/Leaf_Height.uasset" 20
"D:/MDS/UESaves/githubmay/carproto3v2/Prototype3/Content/Art/Assets/Foliage/11/Leaf_Metallic.uasset" 21
"D:/MDS/UESaves/githubmay/carproto3v2/Prototype3/Content/Art/Assets/Foliage/11/Leaf_Mixed_AO.uasset" 22
"D:/MDS/UESaves/githubmay/carproto3v2/Prototype3/Content/Art/Assets/Foliage/11/Leaf_Normal.uasset" 23
"D:/MDS/UESaves/githubmay/carproto3v2/Prototype3/Content/Art/Assets/Foliage/11/Leaf_Normal_OpenGL.uasset" 24
"D:/MDS/UESaves/githubmay/carproto3v2/Prototype3/Content/Art/Assets/Foliage/11/Leaf_Roughness.uasset" 25
"D:/MDS/UESaves/githubmay/carproto3v2/Prototype3/Content/Art/Assets/Foliage/11/Vine1_low_initialShadingGroup_BaseColor.uasset" 26
"D:/MDS/UESaves/githubmay/carproto3v2/Prototype3/Content/Art/Assets/Foliage/11/Vine1_low_initialShadingGroup_Height.uasset" 27
"D:/MDS/UESaves/githubmay/carproto3v2/Prototype3/Content/Art/Assets/Foliage/11/Vine1_low_initialShadingGroup_Metallic.uasset" 28
"D:/MDS/UESaves/githubmay/carproto3v2/Prototype3/Content/Art/Assets/Foliage/11/Vine1_low_initialShadingGroup_Normal.uasset" 29
"D:/MDS/UESaves/githubmay/carproto3v2/Prototype3/Content/Art/Assets/Foliage/11/Vine1_low_initialShadingGroup_Roughness.uasset" 30
"D:/MDS/UESaves/githubmay/carproto3v2/Prototype3/Content/Art/Assets/Foliage/11/Vine2_low_initialShadingGroup_BaseColor.uasset" 31
"D:/MDS/UESaves/githubmay/carproto3v2/Prototype3/Content/Art/Assets/Foliage/11/Vine2_low_initialShadingGroup_Height.uasset" 32
"D:/MDS/UESaves/githubmay/carproto3v2/Prototype3/Content/Art/Assets/Foliage/11/Vine2_low_initialShadingGroup_Metallic.uasset" 33
"D:/MDS/UESaves/githubmay/carproto3v2/Prototype3/Content/Art/Assets/Foliage/11/Vine2_low_initialShadingGroup_Normal.uasset" 34
"D:/MDS/UESaves/githubmay/carproto3v2/Prototype3/Content/Art/Assets/Foliage/11/Vine2_low_initialShadingGroup_Roughness.uasset" 35
"D:/MDS/UESaves/githubmay/carproto3v2/Prototype3/Content/Art/Assets/Foliage/22/Plant_05_Flower_LOW_initialShadingGroup_BaseColor.uasset" 36
"D:/MDS/UESaves/githubmay/carproto3v2/Prototype3/Content/Art/Assets/Foliage/22/Plant_05_Flower_LOW_initialShadingGroup_Height.uasset" 37
"D:/MDS/UESaves/githubmay/carproto3v2/Prototype3/Content/Art/Assets/Foliage/22/Plant_05_Flower_LOW_initialShadingGroup_Metallic.uasset" 38
"D:/MDS/UESaves/githubmay/carproto3v2/Prototype3/Content/Art/Assets/Foliage/22/Plant_05_Flower_LOW_initialShadingGroup_Normal.uasset" 39
"D:/MDS/UESaves/githubmay/carproto3v2/Prototype3/Content/Art/Assets/Foliage/22/Plant_05_Flower_LOW_initialShadingGroup_Roughness.uasset" 40
"D:/MDS/UESaves/githubmay/carproto3v2/Prototype3/Content/Art/Assets/Foliage/22/plant5flower.uasset" 41
"D:/MDS/UESaves/githubmay/carproto3v2/Prototype3/Content/Art/Assets/Foliage/22/Plant_05_Petals_lambert4SG_BaseColor.uasset" 42
"D:/MDS/UESaves/githubmay/carproto3v2/Prototype3/Content/Art/Assets/Foliage/22/Plant_05_Petals_lambert4SG_Height.uasset" 43
"D:/MDS/UESaves/githubmay/carproto3v2/Prototype3/Content/Art/Assets/Foliage/22/plant5petals.uasset" 44
"D:/MDS/UESaves/githubmay/carproto3v2/Prototype3/Content/Art/Assets/Foliage/22/Plant_05_FINAL.uasset" 45
"D:/MDS/UESaves/githubmay/carproto3v2/Prototype3/Content/Art/Assets/Foliage/22/Plant_05_Petals_lambert4SG_Metallic.uasset" 46
"D:/MDS/UESaves/githubmay/carproto3v2/Prototype3/Content/Art/Assets/Foliage/22/Plant_05_Petals_lambert4SG_Normal.uasset" 47
"D:/MDS/UESaves/githubmay/carproto3v2/Prototype3/Content/Art/Assets/Foliage/22/Plant_05_Petals_lambert4SG_Roughness.uasset" 48
"D:/MDS/UESaves/githubmay/carproto3v2/Prototype3/Content/Art/Assets/Foliage/22/Position_initialShadingGroup.uasset" 49
"D:/MDS/UESaves/githubmay/carproto3v2/Prototype3/Content/Art/Assets/Foliage/22/Position_initialShadingGroup_POS_Y.uasset" 50
"D:/MDS/UESaves/githubmay/carproto3v2/Prototype3/Content/Art/Assets/Foliage/22/Position_lambert4SG.uasset" 51
"D:/MDS/UESaves/githubmay/carproto3v2/Prototype3/Content/Art/Assets/Foliage/22/Position_lambert4SG_POS_Y.uasset" 52
"D:/MDS/UESaves/githubmay/carproto3v2/Prototype3/Content/Art/Assets/Foliage/22/YellowTop.uasset" 53
"D:/MDS/UESaves/githubmay/carproto3v2/Prototype3/Content/Art/Assets/Foliage/33/Leaf_06_lambert2SG_BaseColor.uasset" 54
"D:/MDS/UESaves/githubmay/carproto3v2/Prototype3/Content/Art/Assets/Foliage/33/Leaf_06_lambert2SG_Height.uasset" 55
"D:/MDS/UESaves/githubmay/carproto3v2/Prototype3/Content/Art/Assets/Foliage/33/Leaf_06_lambert2SG_Metallic.uasset" 56
"D:/MDS/UESaves/githubmay/carproto3v2/Prototype3/Content/Art/Assets/Foliage/33/Leaf_06_lambert2SG_Normal.uasset" 57
"D:/MDS/UESaves/githubmay/carproto3v2/Prototype3/Content/Art/Assets/Foliage/33/Leaf_06_lambert2SG_Roughness.uasset" 58
"D:/MDS/UESaves/githubmay/carproto3v2/Prototype3/Content/Art/Assets/Foliage/33/leaf6.uasset" 59
"D:/MDS/UESaves/githubmay/carproto3v2/Prototype3/Content/Art/Assets/Foliage/33/Plant_06_Branch_initialShadingGroup_BaseColor.uasset" 60
"D:/MDS/UESaves/githubmay/carproto3v2/Prototype3/Content/Art/Assets/Foliage/33/Plant_06_Branch_initialShadingGroup_Height.uasset" 61
"D:/MDS/UESaves/githubmay/carproto3v2/Prototype3/Content/Art/Assets/Foliage/33/Plant_06_Branch_initialShadingGroup_Metallic.uasset" 62
"D:/MDS/UESaves/githubmay/carproto3v2/Prototype3/Content/Art/Assets/Foliage/33/Plant_06_Branch_initialShadingGroup_Normal.uasset" 63
"D:/MDS/UESaves/githubmay/carproto3v2/Prototype3/Content/Art/Assets/Foliage/33/Plant_06_Branch_initialShadingGroup_Roughness.uasset" 64
"D:/MDS/UESaves/githubmay/carproto3v2/Prototype3/Content/Art/Assets/Foliage/33/plant6branch.uasset" 65
"D:/MDS/UESaves/githubmay/carproto3v2/Prototype3/Content/Art/Assets/Foliage/33/Plant_06_Trunk_Plant_06_Trunk_initialShadingGroup_BaseColor.uasset" 66
"D:/MDS/UESaves/githubmay/carproto3v2/Prototype3/Content/Art/Assets/Foliage/33/Plant_06_Trunk_Plant_06_Trunk_initialShadingGroup_Height.uasset" 67
"D:/MDS/UESaves/githubmay/carproto3v2/Prototype3/Content/Art/Assets/Foliage/33/Plant_06_Trunk_Plant_06_Trunk_initialShadingGroup_Metallic.uasset" 68
"D:/MDS/UESaves/githubmay/carproto3v2/Prototype3/Content/Art/Assets/Foliage/33/Plant_06_Trunk_Plant_06_Trunk_initialShadingGroup_Normal.uasset" 69
"D:/MDS/UESaves/githubmay/carproto3v2/Prototype3/Content/Art/Assets/Foliage/33/Plant_06_Trunk_Plant_06_Trunk_initialShadingGroup_Roughness.uasset" 70
"D:/MDS/UESaves/githubmay/carproto3v2/Prototype3/Content/Art/Assets/Foliage/33/plant6trunk.uasset" 71
"D:/MDS/UESaves/githubmay/carproto3v2/Prototype3/Content/Art/Assets/Foliage/33/Plant_06_Tree.uasset" 72
"D:/MDS/UESaves/githubmay/carproto3v2/Prototype3/Content/Art/Assets/Foliage/33/Plant_06_Tree_Leaf.uasset" 73
"../../../Engine/Content/Functions/Engine_MaterialFunctions01/WorldPositionOffset/SimpleGrassWind.uasset" 74
"D:/MDS/UESaves/githubmay/carproto3v2/Prototype3/Content/Art/Assets/Foliage/Grass/Grass_t.uasset" 75
"D:/MDS/UESaves/githubmay/carproto3v2/Prototype3/Content/Art/Assets/Foliage/Grass/MTL_Grass.uasset" 76
"D:/MDS/UESaves/githubmay/carproto3v2/Prototype3/Content/Art/Assets/Foliage/Grass/MTL_Grass_Inst.uasset" 77
"D:/MDS/UESaves/githubmay/carproto3v2/Prototype3/Content/Art/Assets/Foliage/Ivy/Ivy_Raw/ViIvyVine_Roughness01.uasset" 78
"D:/MDS/UESaves/githubmay/carproto3v2/Prototype3/Content/Art/Assets/Foliage/Ivy/Ivy_Raw/ViIvyVine_Roughness02.uasset" 79
"D:/MDS/UESaves/githubmay/carproto3v2/Prototype3/Content/Art/Assets/Foliage/Plant03/Plant03_Raw/Plant03_Diffuse.uasset" 80
"D:/MDS/UESaves/githubmay/carproto3v2/Prototype3/Content/Art/Assets/JonathonHiggins/RuinWithSupport/MayaRuinwithSupport_low2.uasset" 81
"D:/MDS/UESaves/githubmay/carproto3v2/Prototype3/Content/Art/Assets/Temple/Materials/MosaicTrim/Mosaic_Floor_Trimms_ambientOcclusion.uasset" 82
"D:/MDS/UESaves/githubmay/carproto3v2/Prototype3/Content/Art/Assets/Temple/Materials/MosaicTrim/Mosaic_Floor_Trimms_basecolor.uasset" 83
"D:/MDS/UESaves/githubmay/carproto3v2/Prototype3/Content/Art/Assets/Temple/Materials/MosaicTrim/Mosaic_Floor_Trimms_metallic.uasset" 84
"D:/MDS/UESaves/githubmay/carproto3v2/Prototype3/Content/Art/Assets/Temple/Materials/MosaicTrim/Mosaic_Floor_Trimms_normal.uasset" 85
"D:/MDS/UESaves/githubmay/carproto3v2/Prototype3/Content/Art/Assets/Temple/Materials/MosaicTrim/Mosaic_Floor_Trimms_roughness.uasset" 86
"D:/MDS/UESaves/githubmay/carproto3v2/Prototype3/Content/Art/Assets/Temple/Materials/MTL_MosaicTrim.uasset" 87
"D:/MDS/UESaves/githubmay/carproto3v2/Prototype3/Content/Art/Assets/Temple/Altar_Piece01.uasset" 88
"D:/MDS/UESaves/githubmay/carproto3v2/Prototype3/Content/Art/Assets/Temple/Altar_Piece02.uasset" 89
"D:/MDS/UESaves/githubmay/carproto3v2/Prototype3/Content/Art/Assets/Temple/Materials/Mosaic/Mosaic_Floor_Trimms_basecolor.uasset" 90
"D:/MDS/UESaves/githubmay/carproto3v2/Prototype3/Content/Art/Assets/Temple/Materials/Mosaic/Mosaic_Floor_Trimms_metallic.uasset" 91
"D:/MDS/UESaves/githubmay/carproto3v2/Prototype3/Content/Art/Assets/Temple/Materials/Mosaic/Mosaic_Floor_Trimms_normal.uasset" 92
"D:/MDS/UESaves/githubmay/carproto3v2/Prototype3/Content/Art/Assets/Temple/Materials/Mosaic/Mosaic_Floor_Trimms_roughness.uasset" 93
"D:/MDS/UESaves/githubmay/carproto3v2/Prototype3/Content/Art/Assets/Temple/Materials/MTL_Mosaic.uasset" 94
"D:/MDS/UESaves/githubmay/carproto3v2/Prototype3/Content/Art/Assets/Temple/Materials/RoundStone/CrashInspired-_Ground_Stone_Slabs_AO.uasset" 95
"D:/MDS/UESaves/githubmay/carproto3v2/Prototype3/Content/Art/Assets/Temple/Materials/RoundStone/CrashInspired-_Ground_Stone_Slabs_basecolor.uasset" 96
"D:/MDS/UESaves/githubmay/carproto3v2/Prototype3/Content/Art/Assets/Temple/Materials/RoundStone/CrashInspired-_Ground_Stone_Slabs_normal.uasset" 97
"D:/MDS/UESaves/githubmay/carproto3v2/Prototype3/Content/Art/Assets/Temple/Materials/RoundStone/CrashInspired-_Ground_Stone_Slabs_roughness.uasset" 98
"D:/MDS/UESaves/githubmay/carproto3v2/Prototype3/Content/Art/Assets/Temple/Materials/MTL_RoundStone.uasset" 99
"../../../Engine/Content/Functions/Engine_MaterialFunctions01/Gradient/LinearGradient.uasset" 100
"D:/MDS/UESaves/githubmay/carproto3v2/Prototype3/Content/VFX/Textures/smoke01.uasset" 101
"D:/MDS/UESaves/githubmay/carproto3v2/Prototype3/Content/VFX/Materials/m_waterfall.uasset" 102
"D:/MDS/UESaves/githubmay/carproto3v2/Prototype3/Content/Art/Assets/Temple/BegTemple.uasset" 103
"D:/MDS/UESaves/githubmay/carproto3v2/Prototype3/Content/Art/Assets/Temple/Materials/TilingBricks/TilingBricks_basecolor_1.uasset" 104
"D:/MDS/UESaves/githubmay/carproto3v2/Prototype3/Content/Art/Assets/Temple/Materials/TilingBricks/TilingBricks_normal_1.uasset" 105
"D:/MDS/UESaves/githubmay/carproto3v2/Prototype3/Content/Art/Assets/Temple/Materials/TilingBricks/TilingBricks_roughness_1.uasset" 106
"D:/MDS/UESaves/githubmay/carproto3v2/Prototype3/Content/Art/Assets/Temple/Materials/MTL_TilingBricks.uasset" 107
"D:/MDS/UESaves/githubmay/carproto3v2/Prototype3/Content/Art/Assets/Temple/Materials/TilingStone/TilingStone_basecolor_1.uasset" 108
"D:/MDS/UESaves/githubmay/carproto3v2/Prototype3/Content/Art/Assets/Temple/Materials/TilingStone/TilingStone_normal_1.uasset" 109
"D:/MDS/UESaves/githubmay/carproto3v2/Prototype3/Content/Art/Assets/Temple/Materials/TilingStone/TilingStone_roughness_1.uasset" 110
"D:/MDS/UESaves/githubmay/carproto3v2/Prototype3/Content/Art/Assets/Temple/Materials/MTL_TilingStone.uasset" 111
"D:/MDS/UESaves/githubmay/carproto3v2/Prototype3/Content/Art/Assets/Temple/Docks.uasset" 112
"D:/MDS/UESaves/githubmay/carproto3v2/Prototype3/Content/Art/Assets/Temple/DocksRegion.uasset" 113
"D:/MDS/UESaves/githubmay/carproto3v2/Prototype3/Content/Art/Assets/Temple/Door.uasset" 114
"D:/MDS/UESaves/githubmay/carproto3v2/Prototype3/Content/Art/Assets/Temple/Fire_Altar.uasset" 115
"D:/MDS/UESaves/githubmay/carproto3v2/Prototype3/Content/Art/Assets/Temple/Ornament_Altar.uasset" 116
"D:/MDS/UESaves/githubmay/carproto3v2/Prototype3/Content/Art/Assets/Temple/Platform_Ornamental.uasset" 117
"D:/MDS/UESaves/githubmay/carproto3v2/Prototype3/Content/Art/Assets/Temple/Templerim.uasset" 118
"D:/MDS/UESaves/githubmay/carproto3v2/Prototype3/Content/Art/Assets/Temple/TEMPLE_03.uasset" 119
"D:/MDS/UESaves/githubmay/carproto3v2/Prototype3/Content/Art/Assets/Temple/Materials/LargeFloorTrims/Mosaic_Floor_Trimms_basecolor.uasset" 120
"D:/MDS/UESaves/githubmay/carproto3v2/Prototype3/Content/Art/Assets/Temple/Materials/LargeFloorTrims/Mosaic_Floor_Trimms_metallic.uasset" 121
"D:/MDS/UESaves/githubmay/carproto3v2/Prototype3/Content/Art/Assets/Temple/Materials/LargeFloorTrims/Mosaic_Floor_Trimms_normal.uasset" 122
"D:/MDS/UESaves/githubmay/carproto3v2/Prototype3/Content/Art/Assets/Temple/Materials/LargeFloorTrims/Mosaic_Floor_Trimms_roughness.uasset" 123
"D:/MDS/UESaves/githubmay/carproto3v2/Prototype3/Content/Art/Assets/Temple/Materials/MTL_LargeFloorTrims.uasset" 124
"D:/MDS/UESaves/githubmay/carproto3v2/Prototype3/Content/Art/Assets/Temple/Materials/MayanBlock/MayanBlock_Diffuse.uasset" 125
"D:/MDS/UESaves/githubmay/carproto3v2/Prototype3/Content/Art/Assets/Temple/Materials/MayanBlock/MayanBlock_Normal.uasset" 126
"D:/MDS/UESaves/githubmay/carproto3v2/Prototype3/Content/Art/Assets/Temple/Materials/MayanBlock/MayanBlock_Roughness.uasset" 127
"D:/MDS/UESaves/githubmay/carproto3v2/Prototype3/Content/Art/Assets/Temple/Materials/MTL_MayanBlock.uasset" 128
"D:/MDS/UESaves/githubmay/carproto3v2/Prototype3/Content/Art/Assets/Temple/Materials/LargeFloorTrims/Mosaic_Floor_Trimms_height.uasset" 129
"D:/MDS/UESaves/githubmay/carproto3v2/Prototype3/Content/Art/Decals/MossDecals/MossAlpha.uasset" 130
"D:/MDS/UESaves/githubmay/carproto3v2/Prototype3/Content/Art/Decals/MossDecals/T_Blood_Trail_20.uasset" 131
"D:/MDS/UESaves/githubmay/carproto3v2/Prototype3/Content/Art/joshlim/checkpoint/Checkpoint_Pillar_lambert1_BaseColor.uasset" 132
"D:/MDS/UESaves/githubmay/carproto3v2/Prototype3/Content/Art/joshlim/checkpoint/Checkpoint_Pillar_lambert1_Height.uasset" 133
"D:/MDS/UESaves/githubmay/carproto3v2/Prototype3/Content/Art/joshlim/checkpoint/Checkpoint_Pillar_lambert1_Metallic.uasset" 134
"D:/MDS/UESaves/githubmay/carproto3v2/Prototype3/Content/Art/joshlim/checkpoint/Checkpoint_Pillar_lambert1_Normal.uasset" 135
"D:/MDS/UESaves/githubmay/carproto3v2/Prototype3/Content/Art/joshlim/checkpoint/Checkpoint_Pillar_lambert1_Roughness.uasset" 136
"D:/MDS/UESaves/githubmay/carproto3v2/Prototype3/Content/Art/joshlim/checkpoint/lambert1.uasset" 137
"D:/MDS/UESaves/githubmay/carproto3v2/Prototype3/Content/Art/joshlim/checkpoint/Checkpoint_Pillar.uasset" 138
"D:/MDS/UESaves/githubmay/carproto3v2/Prototype3/Content/Art/joshlim/fences/f1/Fence01_lambert1_BaseColor.uasset" 139
"D:/MDS/UESaves/githubmay/carproto3v2/Prototype3/Content/Art/joshlim/fences/f1/Fence01_lambert1_Height.uasset" 140
"D:/MDS/UESaves/githubmay/carproto3v2/Prototype3/Content/Art/joshlim/fences/f1/Fence01_lambert1_Metallic.uasset" 141
"D:/MDS/UESaves/githubmay/carproto3v2/Prototype3/Content/Art/joshlim/fences/f1/Fence01_lambert1_Normal.uasset" 142
"D:/MDS/UESaves/githubmay/carproto3v2/Prototype3/Content/Art/joshlim/fences/f1/Fence01_lambert1_Roughness.uasset" 143
"D:/MDS/UESaves/githubmay/carproto3v2/Prototype3/Content/Art/joshlim/fences/lambert1.uasset" 144
"D:/MDS/UESaves/githubmay/carproto3v2/Prototype3/Content/Art/joshlim/fences/Fence01.uasset" 145
"D:/MDS/UESaves/githubmay/carproto3v2/Prototype3/Content/Art/joshlim/fences/f2/Fence02_lambert1_BaseColor.uasset" 146
"D:/MDS/UESaves/githubmay/carproto3v2/Prototype3/Content/Art/joshlim/fences/f2/Fence02_lambert1_Height.uasset" 147
"D:/MDS/UESaves/githubmay/carproto3v2/Prototype3/Content/Art/joshlim/fences/f2/Fence02_lambert1_Metallic.uasset" 148
"D:/MDS/UESaves/githubmay/carproto3v2/Prototype3/Content/Art/joshlim/fences/f2/Fence02_lambert1_Normal.uasset" 149
"D:/MDS/UESaves/githubmay/carproto3v2/Prototype3/Content/Art/joshlim/fences/f2/Fence02_lambert1_Roughness.uasset" 150
"D:/MDS/UESaves/githubmay/carproto3v2/Prototype3/Content/Art/joshlim/fences/lambert2.uasset" 151
"D:/MDS/UESaves/githubmay/carproto3v2/Prototype3/Content/Art/joshlim/fences/Fence02.uasset" 152
"D:/MDS/UESaves/githubmay/carproto3v2/Prototype3/Content/Art/joshlim/fences/f3/Fence03_lambert1_BaseColor.uasset" 153
"D:/MDS/UESaves/githubmay/carproto3v2/Prototype3/Content/Art/joshlim/fences/f3/Fence03_lambert1_Height.uasset" 154
"D:/MDS/UESaves/githubmay/carproto3v2/Prototype3/Content/Art/joshlim/fences/f3/Fence03_lambert1_Metallic.uasset" 155
"D:/MDS/UESaves/githubmay/carproto3v2/Prototype3/Content/Art/joshlim/fences/f3/Fence03_lambert1_Normal.uasset" 156
"D:/MDS/UESaves/githubmay/carproto3v2/Prototype3/Content/Art/joshlim/fences/f3/Fence03_lambert1_Roughness.uasset" 157
"D:/MDS/UESaves/githubmay/carproto3v2/Prototype3/Content/Art/joshlim/fences/lambert3.uasset" 158
"D:/MDS/UESaves/githubmay/carproto3v2/Prototype3/Content/Art/joshlim/fences/Fence03.uasset" 159
"D:/MDS/UESaves/githubmay/carproto3v2/Prototype3/Content/Art/LevelPaintData/JungleGround_LayerInfo2.uasset" 160
"D:/MDS/UESaves/githubmay/carproto3v2/Prototype3/Content/Art/LevelPaintData/JungleGround_LayerInfoew.uasset" 161
"D:/MDS/UESaves/githubmay/carproto3v2/Prototype3/Content/Art/LevelPaintData/Sand_LayerInfo434.uasset" 162
"D:/MDS/UESaves/githubmay/carproto3v2/Prototype3/Content/Art/LevelPaintData/Sand_LayerInfod.uasset" 163
"D:/MDS/UESaves/githubmay/carproto3v2/Prototype3/Content/Art/LevelPaintData/Stone_LayerInfo222.uasset" 164
"D:/MDS/UESaves/githubmay/carproto3v2/Prototype3/Content/Art/LevelPaintData/Stone_LayerInfod3d.uasset" 165
"D:/MDS/UESaves/githubmay/carproto3v2/Prototype3/Content/Art/LevelPaintData/Stone_LayerInfod4d.uasset" 166
"D:/MDS/UESaves/githubmay/carproto3v2/Prototype3/Content/Art/LevelPaintData/Stone_LayerInfoe21.uasset" 167
"../../../Engine/Content/Functions/Engine_MaterialFunctions03/ComplexMotion/Motion_4WayChaos.uasset" 168
"../../../Engine/Content/Engine_MI_Shaders/T_Base_Tile_Normal.uasset" 169
"../../../Engine/Content/Functions/Engine_MaterialFunctions03/ComplexMotion/Motion_4WayChaos_Normal.uasset" 170
"../../../Engine/Content/MapTemplates/Sky/DaylightAmbientCubemap.uasset" 171
"D:/MDS/UESaves/githubmay/carproto3v2/Prototype3/Content/Art/WaterPlane/Lake/Textures/T_SmallWaves_N.uasset" 172
"D:/MDS/UESaves/githubmay/carproto3v2/Prototype3/Content/Art/WaterPlane/Ocean/Materials/OceanWater_SS.uasset" 173
"D:/MDS/UESaves/githubmay/carproto3v2/Prototype3/Content/Art/WaterPlane/Ocean/Textures/T_LargeWaves_H.uasset" 174
"D:/MDS/UESaves/githubmay/carproto3v2/Prototype3/Content/Art/WaterPlane/Ocean/Textures/T_LargeWaves_N.uasset" 175
"D:/MDS/UESaves/githubmay/carproto3v2/Prototype3/Content/Art/WaterPlane/Ocean/Textures/T_Seafoam_01.uasset" 176
"D:/MDS/UESaves/githubmay/carproto3v2/Prototype3/Content/Art/WaterPlane/Ocean/Materials/M_OceanWater_1.uasset" 177
"D:/MDS/UESaves/githubmay/carproto3v2/Prototype3/Content/Art/WaterPlane/Ocean/Materials/InsideWater.uasset" 178
"D:/MDS/UESaves/githubmay/carproto3v2/Prototype3/Content/Blueprints/HUD/cinematics/cam_pawn.uasset" 179
"D:/MDS/UESaves/githubmay/carproto3v2/Prototype3/Content/Blueprints/HUD/cinematics/cam_bp.uasset" 180
"D:/MDS/UESaves/githubmay/carproto3v2/Prototype3/Content/Blueprints/HUD/cinematics/NewLevelSequence.uasset" 181
"../../../Engine/Content/EditorBlueprintResources/StandardMacros.uasset" 182
"D:/MDS/UESaves/githubmay/carproto3v2/Prototype3/Content/Blueprints/HUD/Leaderboard/PlayerScore.uasset" 183
"D:/MDS/UESaves/githubmay/carproto3v2/Prototype3/Content/Blueprints/HUD/Leaderboard/line.uasset" 184
"D:/MDS/UESaves/githubmay/carproto3v2/Prototype3/Content/Sound/Events/button_press.uasset" 185
"D:/MDS/UESaves/githubmay/carproto3v2/Prototype3/Content/UI/MenuUI/quitbutton.uasset" 186
"D:/MDS/UESaves/githubmay/carproto3v2/Prototype3/Content/UI/MenuUI/retrybutton.uasset" 187
"D:/MDS/UESaves/githubmay/carproto3v2/Prototype3/Content/UI/MenuUI/scorepanel.uasset" 188
"D:/MDS/UESaves/githubmay/carproto3v2/Prototype3/Content/Blueprints/HUD/Leaderboard/ScoreBoard.uasset" 189
"D:/MDS/UESaves/githubmay/carproto3v2/Prototype3/Content/Blueprints/HUD/Leaderboard/ScoreSave.uasset" 190
"D:/MDS/UESaves/githubmay/carproto3v2/Prototype3/Content/Blueprints/StopWatch/MTL_StopWatch_Common.uasset" 191
"D:/MDS/UESaves/githubmay/carproto3v2/Prototype3/Content/Blueprints/StopWatch/MTL_StopWatch_Rare.uasset" 192
"D:/MDS/UESaves/githubmay/carproto3v2/Prototype3/Content/Blueprints/StopWatch/MTL_StopWatch_Uncommon.uasset" 193
"D:/MDS/UESaves/githubmay/carproto3v2/Prototype3/Content/Blueprints/StopWatch/MTL_StopWatch_Default.uasset" 194
"D:/MDS/UESaves/githubmay/carproto3v2/Prototype3/Content/Blueprints/StopWatch/StopWatchSummer.uasset" 195
"D:/MDS/UESaves/githubmay/carproto3v2/Prototype3/Content/Art/AllNewAnimations/WideShip/Straight1_Skeleton.uasset" 196
"D:/MDS/UESaves/githubmay/carproto3v2/Prototype3/Content/Art/AllNewAnimations/WideShip/left13_Anim.uasset" 197
"D:/MDS/UESaves/githubmay/carproto3v2/Prototype3/Content/Art/AllNewAnimations/WideShip/right1.uasset" 198
"D:/MDS/UESaves/githubmay/carproto3v2/Prototype3/Content/Art/AllNewAnimations/WideShip/BS_WideShip.uasset" 199
"D:/MDS/UESaves/githubmay/carproto3v2/Prototype3/Content/Blueprints/VehicleBlueprints/KartAssets/VehicleBaseData/Materials/M_Kart_Master.uasset" 200
"D:/MDS/UESaves/githubmay/carproto3v2/Prototype3/Content/Blueprints/VehicleBlueprints/KartAssets/VehicleBaseData/Materials/MaterialInstances/M_KartInstance.uasset" 201
"D:/MDS/UESaves/githubmay/carproto3v2/Prototype3/Content/Blueprints/VehicleBlueprints/KartAssets/VehicleBaseData/Kart/SM_KartBody.uasset" 202
"D:/MDS/UESaves/githubmay/carproto3v2/Prototype3/Content/Blueprints/VehicleBlueprints/KartAssets/VehicleBaseData/Kart/SM_KartWheel.uasset" 203
"../../../Engine/Content/EngineResources/Black.uasset" 204
"D:/MDS/UESaves/githubmay/carproto3v2/Prototype3/Content/Blueprints/VehicleBlueprints/KartAssets/VehicleBaseData/Materials/M_Trans_Sprite_SubUV_Master.uasset" 205
"D:/MDS/UESaves/githubmay/carproto3v2/Prototype3/Content/Blueprints/VehicleBlueprints/KartAssets/VehicleBaseData/Textures/T_Fireball_02_SubUV_4_4.uasset" 206
"D:/MDS/UESaves/githubmay/carproto3v2/Prototype3/Content/Blueprints/VehicleBlueprints/KartAssets/VehicleBaseData/Materials/MaterialInstances/M_Fireball_03_4_4_INST.uasset" 207
"D:/MDS/UESaves/githubmay/carproto3v2/Prototype3/Content/Blueprints/VehicleBlueprints/KartAssets/VehicleBaseData/Materials/M_Add_Sprite_Master_DepthFade.uasset" 208
"D:/MDS/UESaves/githubmay/carproto3v2/Prototype3/Content/Blueprints/VehicleBlueprints/KartAssets/VehicleBaseData/Textures/T_starFlare_01.uasset" 209
"D:/MDS/UESaves/githubmay/carproto3v2/Prototype3/Content/Blueprints/VehicleBlueprints/KartAssets/VehicleBaseData/Materials/MaterialInstances/M_Flare_01_INST.uasset" 210
"D:/MDS/UESaves/githubmay/carproto3v2/Prototype3/Content/Blueprints/VehicleBlueprints/KartAssets/VehicleBaseData/Textures/T_Rocks_Fire_3_3.uasset" 211
"D:/MDS/UESaves/githubmay/carproto3v2/Prototype3/Content/Blueprints/VehicleBlueprints/KartAssets/VehicleBaseData/Materials/MaterialInstances/M_RockDebrisFire_Trans_INST.uasset" 212
"D:/MDS/UESaves/githubmay/carproto3v2/Prototype3/Content/Blueprints/VehicleBlueprints/KartAssets/VehicleBaseData/Materials/M_Add_Sprite_Master.uasset" 213
"D:/MDS/UESaves/githubmay/carproto3v2/Prototype3/Content/Blueprints/VehicleBlueprints/KartAssets/VehicleBaseData/Textures/T_BlastWave.uasset" 214
"D:/MDS/UESaves/githubmay/carproto3v2/Prototype3/Content/Blueprints/VehicleBlueprints/KartAssets/VehicleBaseData/Materials/MaterialInstances/M_Shockwave_01_ADD_INST.uasset" 215
"D:/MDS/UESaves/githubmay/carproto3v2/Prototype3/Content/Blueprints/VehicleBlueprints/KartAssets/VehicleBaseData/Materials/M_Add_Sprite_SubUV_Master.uasset" 216
"D:/MDS/UESaves/githubmay/carproto3v2/Prototype3/Content/Blueprints/VehicleBlueprints/KartAssets/VehicleBaseData/Textures/T_SmokeBall_01_8_8.uasset" 217
"D:/MDS/UESaves/githubmay/carproto3v2/Prototype3/Content/Blueprints/VehicleBlueprints/KartAssets/VehicleBaseData/Materials/MaterialInstances/M_Smoke_01_8X8_INST.uasset" 218
"D:/MDS/UESaves/githubmay/carproto3v2/Prototype3/Content/Blueprints/VehicleBlueprints/KartAssets/VehicleBaseData/Textures/T_Sparks_03_SubUV_1_4.uasset" 219
"D:/MDS/UESaves/githubmay/carproto3v2/Prototype3/Content/Blueprints/VehicleBlueprints/KartAssets/VehicleBaseData/Materials/MaterialInstances/M_Spark_03_1_4_INST.uasset" 220
"D:/MDS/UESaves/githubmay/carproto3v2/Prototype3/Content/Blueprints/VehicleBlueprints/KartAssets/VehicleBaseData/Particles/P_BombExplosion.uasset" 221
"D:/MDS/UESaves/githubmay/carproto3v2/Prototype3/Content/Blueprints/VehicleBlueprints/KartAssets/VehicleBaseData/PhysicsMaterials/PM_NoFriction.uasset" 222
"D:/MDS/UESaves/githubmay/carproto3v2/Prototype3/Content/Blueprints/VehicleBlueprints/KartAssets/VehicleBaseData/Sound/Engine_att.uasset" 223
"D:/MDS/UESaves/githubmay/carproto3v2/Prototype3/Content/Blueprints/VehicleBlueprints/KartAssets/VehicleBaseData/Sound/Engine_Speed_01_Loop.uasset" 224
"D:/MDS/UESaves/githubmay/carproto3v2/Prototype3/Content/Blueprints/VehicleBlueprints/KartAssets/VehicleBaseData/Sound/Engine_Speed_03_Loop.uasset" 225
"D:/MDS/UESaves/githubmay/carproto3v2/Prototype3/Content/Blueprints/VehicleBlueprints/KartAssets/VehicleBaseData/Sound/Engine_Speed_05_Loop.uasset" 226
"D:/MDS/UESaves/githubmay/carproto3v2/Prototype3/Content/Blueprints/VehicleBlueprints/KartAssets/VehicleBaseData/Sound/Engine_Loop_Cue.uasset" 227
"D:/MDS/UESaves/githubmay/carproto3v2/Prototype3/Content/UI/MenuUI/gameoverpanel.uasset" 228
"D:/MDS/UESaves/githubmay/carproto3v2/Prototype3/Content/UI/noshadowui/quitnoshadow.uasset" 229
"D:/MDS/UESaves/githubmay/carproto3v2/Prototype3/Content/UI/noshadowui/retrynoshadow.uasset" 230
"D:/MDS/UESaves/githubmay/carproto3v2/Prototype3/Content/Blueprints/HUD/HUD_GameOver.uasset" 231
"D:/MDS/UESaves/githubmay/carproto3v2/Prototype3/Content/Art/Assets/KOALA_NAMU_DEMO.uasset" 232
"D:/MDS/UESaves/githubmay/carproto3v2/Prototype3/Content/Art/Assets/KOALA_NAMU_DEMO_Font.uasset" 233
"D:/MDS/UESaves/githubmay/carproto3v2/Prototype3/Content/UI/MenuUI/gamestartpanel.uasset" 234
"D:/MDS/UESaves/githubmay/carproto3v2/Prototype3/Content/Blueprints/HUD/HUD_Credits.uasset" 235
"D:/MDS/UESaves/githubmay/carproto3v2/Prototype3/Content/Blueprints/HUD/HUD_GFX_OPTIONS.uasset" 236
"D:/MDS/UESaves/githubmay/carproto3v2/Prototype3/Content/UI/noshadowui/optionsnoshadow.uasset" 237
"D:/MDS/UESaves/githubmay/carproto3v2/Prototype3/Content/UI/noshadowui/playnoshadow.uasset" 238
"D:/MDS/UESaves/githubmay/carproto3v2/Prototype3/Content/Blueprints/HUD/HUD_MainMenu.uasset" 239
"D:/MDS/UESaves/githubmay/carproto3v2/Prototype3/Content/Sound/Events/running_out_of_time.uasset" 240
"D:/MDS/UESaves/githubmay/carproto3v2/Prototype3/Content/Blueprints/VehicleBlueprints/BP_GameMode.uasset" 241
"D:/MDS/UESaves/githubmay/carproto3v2/Prototype3/Content/Art/Assets/Temple/Pillar.uasset" 242
"D:/MDS/UESaves/githubmay/carproto3v2/Prototype3/Content/Blueprints/VehicleBlueprints/KartAssets/Fonts/Font_Digital.uasset" 243
"D:/MDS/UESaves/githubmay/carproto3v2/Prototype3/Content/Blueprints/VehicleBlueprints/KartAssets/Fonts/Font_Digital_Font.uasset" 244
"D:/MDS/UESaves/githubmay/carproto3v2/Prototype3/Content/Blueprints/HUD/EpicLeaderboard/UMG/EpicLeaderboardEntryInterface.uasset" 245
"../../../Engine/Content/Functions/Engine_MaterialFunctions02/Utility/BreakOutFloat2Components.uasset" 246
"../../../Engine/Content/Functions/Engine_MaterialFunctions02/Utility/MakeFloat2.uasset" 247
"D:/MDS/UESaves/githubmay/carproto3v2/Prototype3/Content/Blueprints/HUD/EpicLeaderboard/Resources/Flags/flags.uasset" 248
"D:/MDS/UESaves/githubmay/carproto3v2/Prototype3/Content/Blueprints/HUD/EpicLeaderboard/Resources/Flags/M_Flag.uasset" 249
"D:/MDS/UESaves/githubmay/carproto3v2/Prototype3/Content/Blueprints/HUD/EpicLeaderboard/UMG/EpicLeaderboardEntry.uasset" 250
"D:/MDS/UESaves/githubmay/carproto3v2/Prototype3/Content/Blueprints/VehicleBlueprints/KartAssets/VehicleBaseData/Fonts/Font_Digital.uasset" 251
"D:/MDS/UESaves/githubmay/carproto3v2/Prototype3/Content/Blueprints/VehicleBlueprints/KartAssets/VehicleBaseData/Fonts/Font_Digital_Font.uasset" 252
"D:/MDS/UESaves/githubmay/carproto3v2/Prototype3/Content/Blueprints/HUD/EpicLeaderboard/Resources/loading.uasset" 253
"D:/MDS/UESaves/githubmay/carproto3v2/Prototype3/Content/Blueprints/HUD/EpicLeaderboard/UMG/EpicLeaderboardFrame.uasset" 254
"D:/MDS/UESaves/githubmay/carproto3v2/Prototype3/Content/UI/MenuUI/scorenew.uasset" 255
"D:/MDS/UESaves/githubmay/carproto3v2/Prototype3/Content/UI/noshadowui/top50noshadow.uasset" 256
"D:/MDS/UESaves/githubmay/carproto3v2/Prototype3/Content/UI/noshadowui/updatenoshadow.uasset" 257
"D:/MDS/UESaves/githubmay/carproto3v2/Prototype3/Content/Blueprints/HUD/EpicLeaderboard/Demo/DemoWidget.uasset" 258
"D:/MDS/UESaves/githubmay/carproto3v2/Prototype3/Content/UI/MenuUI/completed.uasset" 259
"D:/MDS/UESaves/githubmay/carproto3v2/Prototype3/Content/UI/noshadowui/submitnoshadow.uasset" 260
"D:/MDS/UESaves/githubmay/carproto3v2/Prototype3/Content/Blueprints/HUD/HUD_FinishedRace.uasset" 261
"D:/MDS/UESaves/githubmay/carproto3v2/Prototype3/Content/Blueprints/CheckpointData/BP_FinishLine.uasset" 262
"D:/MDS/UESaves/githubmay/carproto3v2/Prototype3/Content/UI/MenuUI/boostnoshadow.uasset" 263
"D:/MDS/UESaves/githubmay/carproto3v2/Prototype3/Content/UI/MenuUI/lapsnoshadow.uasset" 264
"D:/MDS/UESaves/githubmay/carproto3v2/Prototype3/Content/UI/MenuUI/timernoshadow.uasset" 265
"D:/MDS/UESaves/githubmay/carproto3v2/Prototype3/Content/Blueprints/VehicleBlueprints/WG_GameHUD.uasset" 266
"D:/MDS/UESaves/githubmay/carproto3v2/Prototype3/Content/Blueprints/VehicleBlueprints/BP_KartPawnBase.uasset" 267
"../../../Engine/Content/BasicShapes/BasicShapeMaterial.uasset" 268
"../../../Engine/Content/EngineMaterials/DefaultMaterial.uasset" 269
"../../../Engine/Content/BasicShapes/Sphere.uasset" 270
"D:/MDS/UESaves/githubmay/carproto3v2/Prototype3/Content/Art/AllNewAnimations/WideShip/Straight1_PhysicsAsset.uasset" 271
"D:/MDS/UESaves/githubmay/carproto3v2/Prototype3/Content/Art/AllNewAnimations/WideShip/Straight1.uasset" 272
"D:/MDS/UESaves/githubmay/carproto3v2/Prototype3/Content/UI/MenuUI/gamepausedpanel.uasset" 273
"D:/MDS/UESaves/githubmay/carproto3v2/Prototype3/Content/UI/MenuUI/menupanel.uasset" 274
"D:/MDS/UESaves/githubmay/carproto3v2/Prototype3/Content/UI/MenuUI/resumebutton.uasset" 275
"D:/MDS/UESaves/githubmay/carproto3v2/Prototype3/Content/Blueprints/HUD/HUD_Pause-Menu.uasset" 276
"D:/MDS/UESaves/githubmay/carproto3v2/Prototype3/Content/Blueprints/VehicleBlueprints/Minimap_rendertarget.uasset" 277
"D:/MDS/UESaves/githubmay/carproto3v2/Prototype3/Content/Blueprints/VehicleBlueprints/Minimap_rendertarget_Mat.uasset" 278
"D:/MDS/UESaves/githubmay/carproto3v2/Prototype3/Content/Blueprints/VehicleBlueprints/minimap_bp.uasset" 279
"D:/MDS/UESaves/githubmay/carproto3v2/Prototype3/Content/Sound/Events/boost.uasset" 280
"D:/MDS/UESaves/githubmay/carproto3v2/Prototype3/Content/Sound/Events/car_death.uasset" 281
"D:/MDS/UESaves/githubmay/carproto3v2/Prototype3/Content/Sound/Vehicle/Engine_att.uasset" 282
"D:/MDS/UESaves/githubmay/carproto3v2/Prototype3/Content/Sound/Vehicle/enginesound-1.uasset" 283
"D:/MDS/UESaves/githubmay/carproto3v2/Prototype3/Content/Sound/Vehicle/enginesound-2.uasset" 284
"D:/MDS/UESaves/githubmay/carproto3v2/Prototype3/Content/Sound/Vehicle/enginesound-3.uasset" 285
"D:/MDS/UESaves/githubmay/carproto3v2/Prototype3/Content/Sound/Vehicle/Engine_Loop_Cue.uasset" 286
"../../../Engine/Content/Functions/Engine_MaterialFunctions01/Gradient/RadialGradient.uasset" 287
"D:/MDS/UESaves/githubmay/carproto3v2/Prototype3/Content/VFX/Materials/M_FxSphare.uasset" 288
"D:/MDS/UESaves/githubmay/carproto3v2/Prototype3/Content/VFX/Particles/Fx_SpeedTrail.uasset" 289
"D:/MDS/UESaves/githubmay/carproto3v2/Prototype3/Content/VFX/Materials/M_contrail.uasset" 290
"D:/MDS/UESaves/githubmay/carproto3v2/Prototype3/Content/VFX/Particles/P_Contrail.uasset" 291
"../../../Engine/Content/Functions/Engine_MaterialFunctions01/Density/ExponentialDensity.uasset" 292
"../../../Engine/Content/Functions/Engine_MaterialFunctions01/Gradient/RadialGradientExponential.uasset" 293
"D:/MDS/UESaves/githubmay/carproto3v2/Prototype3/Content/VFX/Materials/m_sphere.uasset" 294
"D:/MDS/UESaves/githubmay/carproto3v2/Prototype3/Content/VFX/Textures/fractalSpline.uasset" 295
"D:/MDS/UESaves/githubmay/carproto3v2/Prototype3/Content/VFX/Textures/gradient01.uasset" 296
"D:/MDS/UESaves/githubmay/carproto3v2/Prototype3/Content/VFX/Textures/gradient02.uasset" 297
"D:/MDS/UESaves/githubmay/carproto3v2/Prototype3/Content/VFX/Textures/noise.uasset" 298
"D:/MDS/UESaves/githubmay/carproto3v2/Prototype3/Content/VFX/Materials/m_stylizeMesh.uasset" 299
"D:/MDS/UESaves/githubmay/carproto3v2/Prototype3/Content/VFX/Textures/fractal.uasset" 300
"D:/MDS/UESaves/githubmay/carproto3v2/Prototype3/Content/VFX/MI/mi_dash.uasset" 301
"D:/MDS/UESaves/githubmay/carproto3v2/Prototype3/Content/VFX/MI/mi_dashWave.uasset" 302
"D:/MDS/UESaves/githubmay/carproto3v2/Prototype3/Content/VFX/Meshes/Obj_ShotCylinder.uasset" 303
"D:/MDS/UESaves/githubmay/carproto3v2/Prototype3/Content/VFX/Meshes/Obj_SphereBill.uasset" 304
"D:/MDS/UESaves/githubmay/carproto3v2/Prototype3/Content/VFX/Particles/p_dash.uasset" 305
"D:/MDS/UESaves/githubmay/carproto3v2/Prototype3/Content/Blueprints/VehicleBlueprints/BP_KartPawnPlayer.uasset" 306
"D:/MDS/UESaves/githubmay/carproto3v2/Prototype3/Content/Art/AllNewAnimations/WideShip/AB_wideship.uasset" 307
"D:/MDS/UESaves/githubmay/carproto3v2/Prototype3/Content/Blueprints/VehicleBlueprints/KartAssets/VehicleBaseData/Textures/RT_RearViewMiror.uasset" 308
"D:/MDS/UESaves/githubmay/carproto3v2/Prototype3/Content/Blueprints/VehicleBlueprints/Minimap_GroundEnemy_Color.uasset" 309
"D:/MDS/UESaves/githubmay/carproto3v2/Prototype3/Content/Blueprints/VehicleBlueprints/Minimap_GroundEnemy_Color_Sprite.uasset" 310
"D:/MDS/UESaves/githubmay/carproto3v2/Prototype3/Content/Blueprints/VehicleBlueprints/BP_KonstantineVehicle.uasset" 311
"D:/MDS/UESaves/githubmay/carproto3v2/Prototype3/Content/VFX/Particles/Fx_Spark.uasset" 312
"D:/MDS/UESaves/githubmay/carproto3v2/Prototype3/Content/Blueprints/VehicleBlueprints/BP_spark_collision.uasset" 313
"D:/MDS/UESaves/githubmay/carproto3v2/Prototype3/Content/Blueprints/VehicleBlueprints/BP_VehicleN.uasset" 314
"D:/MDS/UESaves/githubmay/carproto3v2/Prototype3/Content/Blueprints/VehicleBlueprints/i.uasset" 315
"D:/MDS/UESaves/githubmay/carproto3v2/Prototype3/Content/Blueprints/VehicleBlueprints/KartAssets/VehicleBaseData/Textures/T_Circle.uasset" 316
"D:/MDS/UESaves/githubmay/carproto3v2/Prototype3/Content/Blueprints/VehicleBlueprints/WG_GameHUD1.uasset" 317
"D:/MDS/UESaves/githubmay/carproto3v2/Prototype3/Content/Blueprints/VehicleBlueprints/KartAssets/VehicleBaseData/Textures/T_BombBall.uasset" 318
"D:/MDS/UESaves/githubmay/carproto3v2/Prototype3/Content/Blueprints/VehicleBlueprints/KartAssets/VehicleBaseData/Materials/M_Bomb.uasset" 319
"D:/MDS/UESaves/githubmay/carproto3v2/Prototype3/Content/Blueprints/VehicleBlueprints/KartAssets/VehicleBaseData/Textures/T_RearViewMiror.uasset" 320
"D:/MDS/UESaves/githubmay/carproto3v2/Prototype3/Content/Blueprints/VehicleBlueprints/KartAssets/VehicleBaseData/Materials/M_RearView.uasset" 321
"D:/MDS/UESaves/githubmay/carproto3v2/Prototype3/Content/Blueprints/VehicleBlueprints/KartAssets/VehicleBaseData/Textures/T_Floor.uasset" 322
"D:/MDS/UESaves/githubmay/carproto3v2/Prototype3/Content/Blueprints/VehicleBlueprints/KartAssets/VehicleBaseData/Materials/M_Track_Master.uasset" 323
"D:/MDS/UESaves/githubmay/carproto3v2/Prototype3/Content/Blueprints/VehicleBlueprints/KartAssets/VehicleBaseData/Sound/Engine_speed_02_loop.uasset" 324
"D:/MDS/UESaves/githubmay/carproto3v2/Prototype3/Content/Blueprints/VehicleBlueprints/KartAssets/VehicleBaseData/Sound/mainbgm.uasset" 325
"D:/MDS/UESaves/githubmay/carproto3v2/Prototype3/Content/Blueprints/VehicleBlueprints/KartAssets/VehicleBaseData/Sound/mainbgm_Cue.uasset" 326
"D:/MDS/UESaves/githubmay/carproto3v2/Prototype3/Content/Blueprints/VehicleBlueprints/KartAssets/VehicleBaseData/Sound/mainmenu.uasset" 327
"D:/MDS/UESaves/githubmay/carproto3v2/Prototype3/Content/Blueprints/VehicleBlueprints/KartAssets/VehicleBaseData/Sound/mainmenu_Cue.uasset" 328
"D:/MDS/UESaves/githubmay/carproto3v2/Prototype3/Content/Blueprints/VehicleBlueprints/KartAssets/VehicleBaseData/Textures/RearViewMirorMask.uasset" 329
"D:/MDS/UESaves/githubmay/carproto3v2/Prototype3/Content/Sound/Background/MdsRaceIntro.uasset" 330
"D:/MDS/UESaves/githubmay/carproto3v2/Prototype3/Content/Sound/Background/MdsRaceLoop.uasset" 331
"D:/MDS/UESaves/githubmay/carproto3v2/Prototype3/Content/Sound/Background/Full_BGM_loop.uasset" 332
"D:/MDS/UESaves/githubmay/carproto3v2/Prototype3/Content/Sound/Background/MdsRaceFull.uasset" 333
"D:/MDS/UESaves/githubmay/carproto3v2/Prototype3/Content/Sound/Background/MdsRaceWip1Intro.uasset" 334
"D:/MDS/UESaves/githubmay/carproto3v2/Prototype3/Content/Sound/Background/MdsRaceWip1Loop.uasset" 335
"D:/MDS/UESaves/githubmay/carproto3v2/Prototype3/Content/Sound/Vehicle/Engine_Speed_01_Loop.uasset" 336
"D:/MDS/UESaves/githubmay/carproto3v2/Prototype3/Content/Sound/Vehicle/Engine_Speed_03_Loop.uasset" 337
"D:/MDS/UESaves/githubmay/carproto3v2/Prototype3/Content/Sound/Vehicle/Engine_Speed_05_Loop.uasset" 338
"D:/MDS/UESaves/githubmay/carproto3v2/Prototype3/Content/UI/VehicleJoystick_BackgroundL.uasset" 339
"D:/MDS/UESaves/githubmay/carproto3v2/Prototype3/Content/UI/VehicleJoystick_BackgroundR.uasset" 340
"D:/MDS/UESaves/githubmay/carproto3v2/Prototype3/Content/UI/MenuUI/backbutton.uasset" 341
"D:/MDS/UESaves/githubmay/carproto3v2/Prototype3/Content/UI/MenuUI/boostnew.uasset" 342
"D:/MDS/UESaves/githubmay/carproto3v2/Prototype3/Content/UI/MenuUI/gamestartpanel_Mat.uasset" 343
"D:/MDS/UESaves/githubmay/carproto3v2/Prototype3/Content/UI/MenuUI/lapsnew.uasset" 344
"D:/MDS/UESaves/githubmay/carproto3v2/Prototype3/Content/UI/MenuUI/optionsbutton.uasset" 345
"D:/MDS/UESaves/githubmay/carproto3v2/Prototype3/Content/UI/MenuUI/playbutton.uasset" 346
"D:/MDS/UESaves/githubmay/carproto3v2/Prototype3/Content/UI/MenuUI/submitbutton.uasset" 347
"D:/MDS/UESaves/githubmay/carproto3v2/Prototype3/Content/UI/MenuUI/timernew.uasset" 348
"D:/MDS/UESaves/githubmay/carproto3v2/Prototype3/Content/UI/MenuUI/timerpanel.uasset" 349
"D:/MDS/UESaves/githubmay/carproto3v2/Prototype3/Content/UI/MenuUI/top50.uasset" 350
"D:/MDS/UESaves/githubmay/carproto3v2/Prototype3/Content/UI/MenuUI/update.uasset" 351
"D:/MDS/UESaves/githubmay/carproto3v2/Prototype3/Content/VFX/Materials/m_waterSplash.uasset" 352
"D:/MDS/UESaves/githubmay/carproto3v2/Prototype3/Content/VFX/Textures/gradient03.uasset" 353
"D:/MDS/UESaves/githubmay/carproto3v2/Prototype3/Content/VFX/Textures/noiseDiamond.uasset" 354
"D:/MDS/UESaves/githubmay/carproto3v2/Prototype3/Content/VFX/Textures/wind.uasset" 355
"D:/MDS/UESaves/githubmay/carproto3v2/Prototype3/Content/VFX/Materials/M_Wind.uasset" 356
"D:/MDS/UESaves/githubmay/carproto3v2/Prototype3/Content/VFX/MI/M_Wind_Inst.uasset" 357
"D:/MDS/UESaves/githubmay/carproto3v2/Prototype3/Content/VFX/Textures/T_Dust.uasset" 358
"D:/MDS/UESaves/githubmay/carproto3v2/Prototype3/Content/VFX/Materials/M_FxDust.uasset" 359
"D:/MDS/UESaves/githubmay/carproto3v2/Prototype3/Content/VFX/Particles/Fx_Dust.uasset" 360
"D:/MDS/UESaves/githubmay/carproto3v2/Prototype3/Content/VFX/Textures/T_GradientMask.uasset" 361
"D:/MDS/UESaves/githubmay/carproto3v2/Prototype3/Content/VFX/Textures/T_SpeedBuff.uasset" 362
"D:/MDS/UESaves/githubmay/carproto3v2/Prototype3/Content/VFX/Materials/M_BuffSphare.uasset" 363
"D:/MDS/UESaves/githubmay/carproto3v2/Prototype3/Content/VFX/Meshes/Obj_BuffSphare.uasset" 364
"D:/MDS/UESaves/githubmay/carproto3v2/Prototype3/Content/VFX/Particles/Fx_SpeedBuff.uasset" 365
"../../../Engine/Content/EngineMaterials/OrientParticle.uasset" 366
"../../../Engine/Content/EngineMaterials/DefaultParticle.uasset" 367
"D:/MDS/UESaves/githubmay/carproto3v2/Prototype3/Content/VFX/Textures/fractalPerlin.uasset" 368
"D:/MDS/UESaves/githubmay/carproto3v2/Prototype3/Content/VFX/Materials/m_fireSmoke01.uasset" 369
"D:/MDS/UESaves/githubmay/carproto3v2/Prototype3/Content/VFX/Meshes/Obj_GeoSphere.uasset" 370
"D:/MDS/UESaves/githubmay/carproto3v2/Prototype3/Content/VFX/Particles/p_flame03.uasset" 371
"D:/MDS/UESaves/githubmay/carproto3v2/Prototype3/Content/VFX/Textures/glow.uasset" 372
"D:/MDS/UESaves/githubmay/carproto3v2/Prototype3/Content/VFX/Materials/M_Glow.uasset" 373
"D:/MDS/UESaves/githubmay/carproto3v2/Prototype3/Content/VFX/Materials/m_ray.uasset" 374
"D:/MDS/UESaves/githubmay/carproto3v2/Prototype3/Content/VFX/Textures/smokeTrail.uasset" 375
"D:/MDS/UESaves/githubmay/carproto3v2/Prototype3/Content/VFX/Materials/m_ribbon.uasset" 376
"D:/MDS/UESaves/githubmay/carproto3v2/Prototype3/Content/VFX/Materials/m_glowMask.uasset" 377
"D:/MDS/UESaves/githubmay/carproto3v2/Prototype3/Content/VFX/MI/mi_glowMask.uasset" 378
"D:/MDS/UESaves/githubmay/carproto3v2/Prototype3/Content/VFX/Meshes/Obj_HalfSphere.uasset" 379
"D:/MDS/UESaves/githubmay/carproto3v2/Prototype3/Content/VFX/Particles/p_projectile.uasset" 380
"D:/MDS/UESaves/githubmay/carproto3v2/Prototype3/Content/VFX/Textures/caustic.uasset" 381
"D:/MDS/UESaves/githubmay/carproto3v2/Prototype3/Content/VFX/Materials/m_ripple.uasset" 382
"D:/MDS/UESaves/githubmay/carproto3v2/Prototype3/Content/VFX/Meshes/Obj_Ripple.uasset" 383
"D:/MDS/UESaves/githubmay/carproto3v2/Prototype3/Content/VFX/Particles/P_Ripple.uasset" 384
"D:/MDS/UESaves/githubmay/carproto3v2/Prototype3/Content/VFX/Textures/smoke02.uasset" 385
"D:/MDS/UESaves/githubmay/carproto3v2/Prototype3/Content/VFX/Materials/m_splash.uasset" 386
"D:/MDS/UESaves/githubmay/carproto3v2/Prototype3/Content/VFX/Particles/p_splash.uasset" 387
"D:/MDS/UESaves/githubmay/carproto3v2/Prototype3/Content/VFX/Textures/T_Smoke01.uasset" 388
"D:/MDS/UESaves/githubmay/carproto3v2/Prototype3/Content/VFX/Textures/T_Smoke02.uasset" 389
"D:/MDS/UESaves/githubmay/carproto3v2/Prototype3/Content/VFX/subtleadds/M_whitecontrail.uasset" 390
"D:/MDS/UESaves/githubmay/carproto3v2/Prototype3/Content/VFX/subtleadds/Fx_Contrail.uasset" 391
"D:/MDS/UESaves/githubmay/carproto3v2/Prototype3/Content/VFX/subtleadds/Fx_contrail_trail.uasset" 392
"D:/MDS/UESaves/githubmay/carproto3v2/Prototype3/Content/VFX/subtleadds/Mat_FallingLeaves.uasset" 393
"../../../Engine/Content/BasicShapes/Cylinder.uasset" 394
"../../../Engine/Content/EditorLandscapeResources/DataLayer.uasset" 395
"../../../Engine/Content/EditorMaterials/GizmoMaterial.uasset" 396
"../../../Engine/Content/EditorMaterials/MAT_Groups_Toggle.uasset" 397
"../../../Engine/Content/EditorMaterials/MAT_Groups_Visibility.uasset" 398
"../../../Engine/Content/EditorMaterials/PreviewShadowIndicator.uasset" 399
"../../../Engine/Content/EditorMaterials/PreviewShadowIndicatorMaterial.uasset" 400
"../../../Engine/Content/EditorMaterials/MatineeGroups/MAT_ColorTrack.uasset" 401
"../../../Engine/Content/EditorMaterials/MatineeGroups/MAT_Groups_Anim.uasset" 402
"../../../Engine/Content/EditorMaterials/MatineeGroups/MAT_Groups_AudioMaster.uasset" 403
"../../../Engine/Content/EditorMaterials/MatineeGroups/MAT_Groups_Director.uasset" 404
"../../../Engine/Content/EditorMaterials/MatineeGroups/MAT_Groups_Event.uasset" 405
"../../../Engine/Content/EditorMaterials/MatineeGroups/MAT_Groups_Fade.uasset" 406
"../../../Engine/Content/EditorMaterials/MatineeGroups/MAT_Groups_Float.uasset" 407
"../../../Engine/Content/EditorMaterials/MatineeGroups/MAT_Groups_Move.uasset" 408
"../../../Engine/Content/EditorMaterials/MatineeGroups/MAT_Groups_Slomo.uasset" 409
"../../../Engine/Content/EditorMaterials/MatineeGroups/MAT_Groups_Sound.uasset" 410
"../../../Engine/Content/EditorMaterials/MatineeGroups/MAT_Groups_Vector.uasset" 411
"../../../Engine/Content/EditorMaterials/ParticleSystems/PSysThumbnail_NoImage.uasset" 412
"../../../Engine/Content/EditorMaterials/ParticleSystems/PSysThumbnail_OOD.uasset" 413
"../../../Engine/Content/EditorMaterials/Camera/CineMat.uasset" 414
"../../../Engine/Content/EditorMaterials/Camera/MI_CineMat_Rig.uasset" 415
"../../../Engine/Content/EditorMeshes/Camera/SM_CraneRig_Arm.uasset" 416
"../../../Engine/Content/EditorMeshes/Camera/SM_CraneRig_Base.uasset" 417
"../../../Engine/Content/EditorMeshes/Camera/SM_CraneRig_Body.uasset" 418
"../../../Engine/Content/EditorMeshes/Camera/SM_CraneRig_Mount.uasset" 419
"../../../Engine/Content/EditorMeshes/Camera/SM_RailRig_Mount.uasset" 420
"../../../Engine/Content/EditorMeshes/Camera/SM_RailRig_Track.uasset" 421
"../../../Engine/Content/EditorResources/BSPVertex.uasset" 422
"../../../Engine/Content/EditorResources/EmptyActor.uasset" 423
"../../../Engine/Content/EditorResources/S_Actor.uasset" 424
"../../../Engine/Content/EditorResources/S_Trigger.uasset" 425
"../../../Engine/Content/EditorResources/AudioIcons/S_AudioComponent_AutoActivate.uasset" 426
"../../../Engine/Content/EditorResources/LightIcons/S_LightError.uasset" 427
"../../../Engine/Content/EditorResources/SequenceRecorder/Countdown.uasset" 428
"../../../Engine/Content/EditorResources/SequenceRecorder/RecordingIndicator.uasset" 429
"../../../Engine/Content/EditorSounds/Notifications/CompileFailed.uasset" 430
"../../../Engine/Content/EditorSounds/Notifications/CompileFailed_Cue.uasset" 431
"../../../Engine/Content/EditorSounds/Notifications/CompileSuccess.uasset" 432
"../../../Engine/Content/EditorSounds/Notifications/CompileStart_Cue.uasset" 433
"../../../Engine/Content/EditorSounds/Notifications/CompileSuccess_Cue.uasset" 434
"../../../Engine/Content/EngineDamageTypes/DmgTypeBP_Environmental.uasset" 435
"../../../Engine/Content/EngineDebugMaterials/HeatmapGradient.uasset" 436
"../../../Engine/Content/EngineDebugMaterials/BoneWeightMaterial.uasset" 437
"../../../Engine/Content/EngineDebugMaterials/ClothMaterial.uasset" 438
"../../../Engine/Content/EngineDebugMaterials/ClothMaterial_WF.uasset" 439
"../../../Engine/Content/EngineDebugMaterials/DebugEditorMaterial.uasset" 440
"../../../Engine/Content/EngineDebugMaterials/DebugMeshMaterial.uasset" 441
"../../../Engine/Content/EngineDebugMaterials/GeomMaterial.uasset" 442
"../../../Engine/Content/EngineFonts/Faces/RobotoBold.uasset" 443
"../../../Engine/Content/EngineFonts/Faces/RobotoBoldItalic.uasset" 444
"../../../Engine/Content/EngineFonts/Faces/RobotoItalic.uasset" 445
"../../../Engine/Content/EngineFonts/Faces/RobotoLight.uasset" 446
"../../../Engine/Content/EngineFonts/Faces/RobotoRegular.uasset" 447
"../../../Engine/Content/EngineFonts/Roboto.uasset" 448
"../../../Engine/Content/EngineFonts/Faces/RobotoTiny.uasset" 449
"../../../Engine/Content/EngineFonts/RobotoTiny.uasset" 450
"../../../Engine/Content/EngineMaterials/DefaultBloomKernel.uasset" 451
"../../../Engine/Content/EngineMaterials/DefaultBokeh.uasset" 452
"../../../Engine/Content/EngineMaterials/DefaultDiffuse.uasset" 453
"../../../Engine/Content/EngineMaterials/DefaultDeferredDecalMaterial.uasset" 454
"../../../Engine/Content/EngineMaterials/DefaultLightFunctionMaterial.uasset" 455
"../../../Engine/Content/EngineMaterials/DefaultPostProcessMaterial.uasset" 456
"../../../Engine/Content/EngineFonts/RobotoDistanceField.uasset" 457
"../../../Engine/Content/EngineMaterials/DefaultTextMaterialOpaque.uasset" 458
"../../../Engine/Content/EngineMaterials/DefaultWhiteGrid.uasset" 459
"../../../Engine/Content/EngineMaterials/EditorBrushMaterial.uasset" 460
"../../../Engine/Content/EngineMaterials/Good64x64TilingNoiseHighFreq.uasset" 461
"../../../Engine/Content/EngineMaterials/MiniFont.uasset" 462
"../../../Engine/Content/EngineMaterials/InvalidLightmapSettings.uasset" 463
"../../../Engine/Content/EngineMaterials/M_InvalidLightmapSettings.uasset" 464
"../../../Engine/Content/Functions/Engine_MaterialFunctions02/WorldPositionOffset/CameraOffset.uasset" 465
"../../../Engine/Content/EngineMaterials/PhAT_JointLimitMaterial.uasset" 466
"../../../Engine/Content/EngineMaterials/PreintegratedSkinBRDF.uasset" 467
"../../../Engine/Content/EngineMaterials/RemoveSurfaceMaterial.uasset" 468
"../../../Engine/Content/EngineMaterials/WeightMapPlaceholderTexture.uasset" 469
"../../../Engine/Content/EngineResources/WhiteSquareTexture.uasset" 470
"../../../Engine/Content/EngineMaterials/Widget3DPassThrough.uasset" 471
"../../../Engine/Content/EngineMaterials/Widget3DPassThrough_Masked.uasset" 472
"../../../Engine/Content/EngineMaterials/Widget3DPassThrough_Opaque.uasset" 473
"../../../Engine/Content/EngineMaterials/Widget3DPassThrough_Masked_OneSided.uasset" 474
"../../../Engine/Content/EngineMaterials/Widget3DPassThrough_Opaque_OneSided.uasset" 475
"../../../Engine/Content/EngineMaterials/Widget3DPassThrough_Translucent.uasset" 476
"../../../Engine/Content/EngineMaterials/Widget3DPassThrough_Translucent_OneSided.uasset" 477
"../../../Engine/Content/EngineMeshes/Cube.uasset" 478
"../../../Engine/Content/EngineMeshes/Cylinder.uasset" 479
"../../../Engine/Content/EngineMeshes/Sphere.uasset" 480
"../../../Engine/Content/EngineResources/DefaultTexture.uasset" 481
"../../../Engine/Content/EngineResources/DefaultTextureCube.uasset" 482
"../../../Engine/Content/EngineResources/GradientTexture0.uasset" 483
"../../../Engine/Content/EngineSounds/Master.uasset" 484
"../../../Engine/Content/Functions/Engine_MaterialFunctions01/Shading/ConvertFromDiffSpec.uasset" 485
"../../../Engine/Content/Functions/Engine_MaterialFunctions01/Shading/PowerToRoughness.uasset" 486
"../../../Engine/Content/Maps/Templates/Thumbnails/Default.uasset" 487
"../../../Engine/Content/Maps/Templates/Thumbnails/VR-Basic.uasset" 488
"../../../Engine/Content/MobileResources/T_MobileControls_texture.uasset" 489
"../../../Engine/Content/MobileResources/T_MobileMenu2.uasset" 490
"../../../Engine/Content/MobileResources/HUD/AnalogHat.uasset" 491
"../../../Engine/Content/MobileResources/HUD/VirtualJoystick_Background.uasset" 492
"../../../Engine/Content/MobileResources/HUD/VirtualJoystick_Thumb.uasset" 493
"../../../Engine/Content/MobileResources/HUD/DefaultVirtualJoysticks.uasset" 494
"../../../Engine/Content/MobileResources/HUD/LeftVirtualJoystickOnly.uasset" 495
"../../../Engine/Content/MobileResources/HUD/MobileHUDButton1_off.uasset" 496
"../../../Engine/Content/MobileResources/HUD/MobileHUDButton1_on.uasset" 497
"../../../Engine/Content/MobileResources/HUD/MobileHUDButton2_off.uasset" 498
"../../../Engine/Content/MobileResources/HUD/MobileHUDButton2_on.uasset" 499
"../../../Engine/Content/MobileResources/HUD/MobileHUDButton3.uasset" 500
"../../../Engine/Content/MobileResources/HUD/MobileHUDButtonFire.uasset" 501
"../../../Engine/Content/MobileResources/HUD/MobileHUDDirectionPad.uasset" 502
"../../../Engine/Content/MobileResources/HUD/MobileHUDDirectionPad2.uasset" 503
"../../../Engine/Content/MobileResources/HUD/MobileHUDDirectionPad3.uasset" 504
"../../../Engine/Content/MobileResources/HUD/MobileHUDDirectionStick.uasset" 505
"../../../Engine/Content/MobileResources/HUD/T_Castle_ThumbstickInner.uasset" 506
"../../../Engine/Content/MobileResources/HUD/T_Castle_ThumbstickOutter.uasset" 507
"../../../Engine/Content/Tutorial/ContentIntroCurve.uasset" 508
"../../../Engine/Content/Tutorial/Basics/TutorialAssets/icon_tab_Levels_40x.uasset" 509
"../../../Engine/Content/Tutorial/BlueprintTutorials/TutorialAssets/BlueprintInterface_64x.uasset" 510
"../../../Engine/Content/Tutorial/BlueprintTutorials/TutorialAssets/BlueprintMacroLibrary_64x.uasset" 511
"../../../Engine/Content/Tutorial/BlueprintTutorials/TutorialAssets/Blueprint_64x.uasset" 512
"../../../Engine/Content/Tutorial/BlueprintTutorials/TutorialAssets/Tutorial_BP_Interface.uasset" 513
"../../../Engine/Content/Tutorial/Foliage/TutorialAssets/Foliage.uasset" 514
"../../../Engine/Content/Tutorial/Landscape/TutorialAssets/Landscape.uasset" 515
"../../../Engine/Content/Tutorial/Paper2D/TutorialAssets/Paper2DFlipbook_TutorialIcon.uasset" 516
"../../../Engine/Content/Tutorial/Paper2D/TutorialAssets/Paper2DSprite_TutorialIcon.uasset" 517
"../../../Engine/Content/Tutorial/SubEditors/TutorialAssets/icon_Editor_Preferences_General_40x.uasset" 518
"../../../Engine/Content/Tutorial/SubEditors/TutorialAssets/icon_ShowSkeletalMeshes_40x.uasset" 519
"../../../Engine/Content/Tutorial/SubEditors/TutorialAssets/TutorialMaterial.uasset" 520
"../../../Engine/Content/Tutorial/SubEditors/TutorialAssets/T_SmokeSubUV_8X8.uasset" 521
"../../../Engine/Content/Tutorial/SubEditors/TutorialAssets/T_soft_smoke.uasset" 522
"../../../Engine/Content/Tutorial/SubEditors/TutorialAssets/M_smoke_subUV_blackbody.uasset" 523
"../../../Engine/Content/Tutorial/SubEditors/TutorialAssets/TutorialParticleSystem.uasset" 524
"../../../Engine/Content/VREditor/Devices/Generic/GenericHMDMaterial.uasset" 525
"../../../Engine/Content/VREditor/Devices/Generic/GenericHMD.uasset" 526
"../../../Engine/Content/Functions/Engine_MaterialFunctions02/Utility/BreakOutFloat3Components.uasset" 527
"../../../Engine/Content/VREditor/Devices/Vive/VivePreController_MasksB.uasset" 528
"../../../Engine/Content/VREditor/Devices/Oculus/OculusControllerMaterial.uasset" 529
"../../../Engine/Content/VREditor/Devices/Oculus/OculusControllerMaterial_Inst.uasset" 530
"../../../Engine/Content/VREditor/Devices/Oculus/OculusControllerMesh.uasset" 531
"../../../Engine/Content/VREditor/Devices/Vive/T_VivePreController_EM.uasset" 532
"../../../Engine/Content/VREditor/Devices/Vive/VivePreController_MasksA.uasset" 533
"../../../Engine/Content/VREditor/Devices/Vive/VivePreControllerDiffuse.uasset" 534
"../../../Engine/Content/VREditor/Devices/Vive/VivePreControllerSpec.uasset" 535
"../../../Engine/Content/VREditor/LaserPointer/VR_LaserPower_01.uasset" 536
"../../../Engine/Content/VREditor/Devices/Vive/VivePreControllerMaterial.uasset" 537
"../../../Engine/Content/VREditor/Devices/Vive/VivePreControllerMaterial_Inst.uasset" 538
"../../../Engine/Content/VREditor/Devices/Vive/VivePreControllerMesh.uasset" 539
"../../../Engine/Content/VREditor/FloatingText/LineMaterial.uasset" 540
"../../../Engine/Content/VREditor/FloatingText/JointSphere.uasset" 541
"../../../Engine/Content/VREditor/FloatingText/LineSegmentCylinder.uasset" 542
"../../../Engine/Content/VREditor/Fonts/VRText_RobotoLarge.uasset" 543
"../../../Engine/Content/VREditor/Fonts/VRTextMaterial.uasset" 544
"../../../Engine/Content/VREditor/Fonts/TranslucentVRTextMaterial.uasset" 545
"../../../Engine/Content/VREditor/LaserPointer/CursorPointer.uasset" 546
"../../../Engine/Content/VREditor/TransformGizmo/TransformGizmoMaterial.uasset" 547
"../../../Engine/Content/VREditor/LaserPointer/HoverMaterial.uasset" 548
"../../../Engine/Content/VREditor/TransformGizmo/TranslucentTransformGizmoMaterial.uasset" 549
"../../../Engine/Content/VREditor/LaserPointer/TranslucentHoverMaterial.uasset" 550
"../../../Engine/Content/VREditor/LaserPointer/HoverMesh.uasset" 551
"../../../Engine/Content/VREditor/LaserPointer/LaserPointerMaterial.uasset" 552
"../../../Engine/Content/VREditor/LaserPointer/LaserPointerMaterialInst.uasset" 553
"../../../Engine/Content/VREditor/LaserPointer/TranslucentLaserPointerMaterialInst.uasset" 554
"../../../Engine/Content/VREditor/LaserPointer/LaserPointerMesh.uasset" 555
"../../../Engine/Content/VREditor/LaserPointer/LaserPointerMesh_End.uasset" 556
"../../../Engine/Content/VREditor/LaserPointer/LaserPointerMesh_Start.uasset" 557
"../../../Engine/Content/VREditor/Sounds/VR_teleport.uasset" 558
"../../../Engine/Content/VREditor/Sounds/UI/Click_on_Button.uasset" 559
"../../../Engine/Content/VREditor/Sounds/UI/Click_on_Button_Cue.uasset" 560
"../../../Engine/Content/VREditor/Sounds/UI/Dockable_Window_Close.uasset" 561
"../../../Engine/Content/VREditor/Sounds/UI/Dockable_Window_Drop.uasset" 562
"../../../Engine/Content/VREditor/Sounds/UI/Dockable_Window_Open.uasset" 563
"../../../Engine/Content/VREditor/Sounds/UI/Dockable_Window_Pick_Up.uasset" 564
"../../../Engine/Content/VREditor/Sounds/UI/Drop_Item_From_ContentBrowser.uasset" 565
"../../../Engine/Content/VREditor/Sounds/UI/Floating_UI_Open-001.uasset" 566
"../../../Engine/Content/VREditor/Sounds/UI/Radial_Menu_FadeOut.uasset" 567
"../../../Engine/Content/VREditor/Sounds/UI/Teleport_Mode_Entered.uasset" 568
"../../../Engine/Content/VREditor/Teleport/TeleportDirectionMaterial.uasset" 569
"../../../Engine/Content/VREditor/Teleport/TeleportDirectionMaterial_Inst.uasset" 570
"../../../Engine/Content/VREditor/Teleport/TeleportDirectionMesh.uasset" 571
"../../../Engine/Content/VREditor/TransformGizmo/BoundingBoxCorner.uasset" 572
"../../../Engine/Content/VREditor/TransformGizmo/BoundingBoxEdge.uasset" 573
"../../../Engine/Content/VREditor/TransformGizmo/PlaneTranslationHandle.uasset" 574
"../../../Engine/Content/VREditor/TransformGizmo/Main.uasset" 575
"../../../Engine/Content/VREditor/TransformGizmo/Xray.uasset" 576
"../../../Engine/Content/VREditor/TransformGizmo/SM_Dialog_Close.uasset" 577
"../../../Engine/Content/VREditor/TransformGizmo/SM_Dialog_Move.uasset" 578
"../../../Engine/Content/VREditor/TransformGizmo/SM_Sequencer_Key.uasset" 579
"../../../Engine/Content/VREditor/TransformGizmo/SM_Sequencer_Node.uasset" 580
"../../../Engine/Content/VREditor/TransformGizmo/TransformGizmoMaterial_Inst.uasset" 581
"../../../Engine/Content/VREditor/TransformGizmo/TranslucentTransformGizmoMaterial_Inst.uasset" 582
"../../../Engine/Content/VREditor/Devices/Vive/UE4_Logo.uasset" 583
"../../../Engine/Content/VREditor/UI/M_ContentWindow.uasset" 584
"../../../Engine/Content/VREditor/UI/SM_ContentWindow_01.uasset" 585
"../../../Engine/Content/VREditor/UI/KeyDiskMaterial.uasset" 586
"../../../Engine/Content/VREditor/UI/DiscMaterial.uasset" 587
"../../../Engine/Content/VREditor/UI/SM_Radial_Disk.uasset" 588
"../../../Engine/Content/VREditor/UI/ArrowMaterial.uasset" 589
"../../../Engine/Content/VREditor/UI/SM_Radial_Pointer.uasset" 590
"../../../Engine/Content/VREditor/WorldMovementGrid/SimpleGrid.uasset" 591
"../../../Engine/Content/VREditor/WorldMovementGrid/GridMaterial.uasset" 592
"../../../Engine/Content/VREditor/WorldMovementGrid/GridPostProcess.uasset" 593
"../../../Engine/Content/EditorLandscapeResources/FlattenHeightMat.uasset" 594
"../../../Engine/Content/VREditor/WorldMovementGrid/PlaneMesh.uasset" 595
"../../Plugins/2D/Paper2D/Content/PlaceholderTextures/DummySpriteTexture.uasset" 596
"../../Plugins/2D/Paper2D/Content/DummySprite.uasset" 597
"../../Plugins/2D/Paper2D/Content/DefaultPaperTerrainMaterial.uasset" 598
"../../Plugins/2D/Paper2D/Content/DefaultSpriteMaterial.uasset" 599
"../../Plugins/2D/Paper2D/Content/MaskedUnlitSpriteMaterial.uasset" 600
"../../Plugins/2D/Paper2D/Content/OpaqueUnlitSpriteMaterial.uasset" 601
"../../Plugins/Media/MediaCompositing/Content/DefaultMediaPlaneTexture.uasset" 602
"../../Plugins/Media/MediaCompositing/Content/DefaultMediaPlaneMaterial.uasset" 603
"../../../Engine/Content/Functions/Engine_MaterialFunctions02/Utility/MakeFloat4.uasset" 604
"../../Plugins/Runtime/AppleARKit/Content/ARKitCameraMaterial.uasset" 605
"../../Plugins/Runtime/Oculus/OculusVR/Content/Textures/GearVRController_AO.uasset" 606
"../../Plugins/Runtime/Oculus/OculusVR/Content/Textures/GearVRController_Color.uasset" 607
"../../Plugins/Runtime/Oculus/OculusVR/Content/Textures/GearVRController_Normal.uasset" 608
"../../Plugins/Runtime/Oculus/OculusVR/Content/Materials/GearVRControllerMaterial.uasset" 609
"../../Plugins/Runtime/Oculus/OculusVR/Content/Meshes/GearVrController.uasset" 610
"../../../Engine/Content/BasicShapes/Cube.uasset" 611
"D:/MDS/UESaves/githubmay/carproto3v2/Prototype3/Content/Blueprints/CheckpointData/BP_checkpoint.uasset" 612
"D:/MDS/UESaves/githubmay/carproto3v2/Prototype3/Content/Sound/Events/WARNING.uasset" 613
"D:/MDS/UESaves/githubmay/carproto3v2/Prototype3/Content/Sound/Events/WARNING_Cue.uasset" 614
"D:/MDS/UESaves/githubmay/carproto3v2/Prototype3/Content/VFX/Materials/m_fireSmoke02.uasset" 615
"D:/MDS/UESaves/githubmay/carproto3v2/Prototype3/Content/VFX/Materials/m_fresnelGlow.uasset" 616
"D:/MDS/UESaves/githubmay/carproto3v2/Prototype3/Content/VFX/MI/mi_fresnelGlowRed.uasset" 617
"D:/MDS/UESaves/githubmay/carproto3v2/Prototype3/Content/VFX/Particles/p_explosion.uasset" 618
"D:/MDS/UESaves/githubmay/carproto3v2/Prototype3/Content/Blueprints/CheckpointData/BP_killbox.uasset" 619
"D:/MDS/UESaves/githubmay/carproto3v2/Prototype3/Content/Blueprints/StopWatch/new/Timer_blue_BaseColor.uasset" 620
"D:/MDS/UESaves/githubmay/carproto3v2/Prototype3/Content/Blueprints/StopWatch/new/Timer_lambert1_Height.uasset" 621
"D:/MDS/UESaves/githubmay/carproto3v2/Prototype3/Content/Blueprints/StopWatch/new/Timer_lambert1_Metallic.uasset" 622
"D:/MDS/UESaves/githubmay/carproto3v2/Prototype3/Content/Blueprints/StopWatch/new/Timer_lambert1_Normal.uasset" 623
"D:/MDS/UESaves/githubmay/carproto3v2/Prototype3/Content/Blueprints/StopWatch/new/Timer_lambert1_Roughness.uasset" 624
"D:/MDS/UESaves/githubmay/carproto3v2/Prototype3/Content/Blueprints/StopWatch/new/blu.uasset" 625
"D:/MDS/UESaves/githubmay/carproto3v2/Prototype3/Content/Blueprints/StopWatch/new/lambert1.uasset" 626
"D:/MDS/UESaves/githubmay/carproto3v2/Prototype3/Content/Blueprints/StopWatch/new/Timer.uasset" 627
"D:/MDS/UESaves/githubmay/carproto3v2/Prototype3/Content/Sound/Events/pickup.uasset" 628
"D:/MDS/UESaves/githubmay/carproto3v2/Prototype3/Content/Blueprints/StopWatch/BP_timepickup_Common.uasset" 629
"D:/MDS/UESaves/githubmay/carproto3v2/Prototype3/Content/Blueprints/StopWatch/new/Timer_purple_BaseColor.uasset" 630
"D:/MDS/UESaves/githubmay/carproto3v2/Prototype3/Content/Blueprints/StopWatch/new/purp.uasset" 631
"D:/MDS/UESaves/githubmay/carproto3v2/Prototype3/Content/Blueprints/StopWatch/BP_timepickup_Rare.uasset" 632
"D:/MDS/UESaves/githubmay/carproto3v2/Prototype3/Content/Blueprints/StopWatch/new/Timer_red_BaseColor.uasset" 633
"D:/MDS/UESaves/githubmay/carproto3v2/Prototype3/Content/Blueprints/StopWatch/new/red.uasset" 634
"D:/MDS/UESaves/githubmay/carproto3v2/Prototype3/Content/Blueprints/StopWatch/BP_timepickup_Uncommon.uasset" 635
"D:/MDS/UESaves/githubmay/carproto3v2/Prototype3/Content/Blueprints/VehicleBlueprints/Crash_collision.uasset" 636
"D:/MDS/UESaves/githubmay/carproto3v2/Prototype3/Content/Maps/TestMap_sharedassets/Dirt_LayerInfo.uasset" 637
"D:/MDS/UESaves/githubmay/carproto3v2/Prototype3/Content/Maps/TestMap_sharedassets/Grass_LayerInfo.uasset" 638
"D:/MDS/UESaves/githubmay/carproto3v2/Prototype3/Content/Maps/TestMap_sharedassets/Sand_LayerInfo.uasset" 639
"../../../Engine/Content/EditorMeshes/ColorCalibrator/M_ChromeBall.uasset" 640
"D:/MDS/UESaves/githubmay/carproto3v2/Prototype3/Content/Art/Assets/ENV_Textures/Grass/Grass_albedo.uasset" 641
"D:/MDS/UESaves/githubmay/carproto3v2/Prototype3/Content/Art/Assets/ENV_Textures/Grass/Grass_Normal.uasset" 642
"D:/MDS/UESaves/githubmay/carproto3v2/Prototype3/Content/Art/Assets/ENV_Textures/Grass/Grass_rough.uasset" 643
"D:/MDS/UESaves/githubmay/carproto3v2/Prototype3/Content/Art/Assets/ENV_Textures/Grass/Grass_albedo_Mat.uasset" 644
"D:/MDS/UESaves/githubmay/carproto3v2/Prototype3/Content/Art/Assets/ENV_Textures/Dirt_Texture/Dirt_Texture_Albedo.uasset" 645
"D:/MDS/UESaves/githubmay/carproto3v2/Prototype3/Content/Art/Assets/ENV_Textures/Dirt_Texture/Dirt_Texture_Normal.uasset" 646
"D:/MDS/UESaves/githubmay/carproto3v2/Prototype3/Content/Art/Assets/ENV_Textures/Dirt_Texture/Dirt_Texture_Roughness.uasset" 647
"D:/MDS/UESaves/githubmay/carproto3v2/Prototype3/Content/Art/Assets/ENV_Textures/Sand_Texture/Sand_Albedo.uasset" 648
"D:/MDS/UESaves/githubmay/carproto3v2/Prototype3/Content/Art/Assets/ENV_Textures/Sand_Texture/Sand_normal.uasset" 649
"D:/MDS/UESaves/githubmay/carproto3v2/Prototype3/Content/Art/Assets/ENV_Textures/Sand_Texture/Sand_roughness.uasset" 650
"D:/MDS/UESaves/githubmay/carproto3v2/Prototype3/Content/Art/Assets/ENV_Textures/MTL_Env_Sand.uasset" 651
"D:/MDS/UESaves/githubmay/carproto3v2/Prototype3/Content/Art/Assets/Foliage/BushT.uasset" 652
"D:/MDS/UESaves/githubmay/carproto3v2/Prototype3/Content/Art/Assets/Foliage/BushMTL.uasset" 653
"D:/MDS/UESaves/githubmay/carproto3v2/Prototype3/Content/Art/Assets/Foliage/Canopy.uasset" 654
"D:/MDS/UESaves/githubmay/carproto3v2/Prototype3/Content/Art/Assets/Temple/Materials/MayanBlock45/MayanBlock45_Diffuse.uasset" 655
"D:/MDS/UESaves/githubmay/carproto3v2/Prototype3/Content/Art/Assets/Temple/Materials/MayanBlock45/MayanBlock45_Normal.uasset" 656
"D:/MDS/UESaves/githubmay/carproto3v2/Prototype3/Content/Art/Assets/Temple/Materials/MayanBlock45/MayanBlock45_Roughness.uasset" 657
"D:/MDS/UESaves/githubmay/carproto3v2/Prototype3/Content/Art/Assets/Temple/Materials/MTL_MayanBlock45.uasset" 658
"D:/MDS/UESaves/githubmay/carproto3v2/Prototype3/Content/Art/Assets/Temple/Materials/MayanTempleTall/MayanTempleTall_Diffuse.uasset" 659
"D:/MDS/UESaves/githubmay/carproto3v2/Prototype3/Content/Art/Assets/Temple/Materials/MayanTempleTall/MayanTempleTall_Normal.uasset" 660
"D:/MDS/UESaves/githubmay/carproto3v2/Prototype3/Content/Art/Assets/Temple/Materials/MayanTempleTall/MayanTempleTall_Roughness.uasset" 661
"D:/MDS/UESaves/githubmay/carproto3v2/Prototype3/Content/Art/Assets/Temple/Materials/MTL_MayanTempleTall.uasset" 662
"D:/MDS/UESaves/githubmay/carproto3v2/Prototype3/Content/Art/Decals/MossDecals/T_Blood_Trail_39_d.uasset" 663
"D:/MDS/UESaves/githubmay/carproto3v2/Prototype3/Content/Art/Decals/MossDecals/T_Blood_Trail_47.uasset" 664
"D:/MDS/UESaves/githubmay/carproto3v2/Prototype3/Content/Art/Decals/m_MoistDecal.uasset" 665
"../../../Engine/Content/Functions/Engine_MaterialFunctions01/Texturing/FlattenNormal.uasset" 666
"D:/MDS/UESaves/githubmay/carproto3v2/Prototype3/Content/Art/Decals/MossDecals/Moss_basecolor.uasset" 667
"D:/MDS/UESaves/githubmay/carproto3v2/Prototype3/Content/Art/Decals/MossDecals/Moss_normal.uasset" 668
"D:/MDS/UESaves/githubmay/carproto3v2/Prototype3/Content/Art/Decals/MossDecals/Moss_roughness.uasset" 669
"D:/MDS/UESaves/githubmay/carproto3v2/Prototype3/Content/Art/Decals/MossDecals/MossDecal.uasset" 670
"D:/MDS/UESaves/githubmay/carproto3v2/Prototype3/Content/Art/Assets/JonathonHiggins/RuinWithSupport/MayaRuinwithSupport_low_lambert1_BaseColor.uasset" 671
"D:/MDS/UESaves/githubmay/carproto3v2/Prototype3/Content/Art/Assets/JonathonHiggins/RuinWithSupport/MayaRuinwithSupport_low_lambert1_Normal.uasset" 672
"D:/MDS/UESaves/githubmay/carproto3v2/Prototype3/Content/Art/Assets/JonathonHiggins/RuinWithSupport/MayaRuinwithSupport_low_lambert1_Roughness.uasset" 673
"D:/MDS/UESaves/githubmay/carproto3v2/Prototype3/Content/Art/Assets/JonathonHiggins/RuinWithSupport/M_Ruinwithsupport.uasset" 674
"D:/MDS/UESaves/githubmay/carproto3v2/Prototype3/Content/Art/Assets/JonathonHiggins/RuinWithSupport/M_Ruinwithsupport_Inst.uasset" 675
"D:/MDS/UESaves/githubmay/carproto3v2/Prototype3/Content/Art/Assets/NewMaterial1.uasset" 676
"D:/MDS/UESaves/githubmay/carproto3v2/Prototype3/Content/Art/Assets/NewMaterial1_Inst.uasset" 677
"../../../Engine/Content/Functions/Engine_MaterialFunctions01/ImageAdjustment/CheapContrast_RGB.uasset" 678
"../../../Engine/Content/Functions/Engine_MaterialFunctions02/Math/AddComponents.uasset" 679
"D:/MDS/UESaves/githubmay/carproto3v2/Prototype3/Content/Art/Assets/Rocks/Rocks_Raw/Rock01_RAW/Rock01_Diffuse.uasset" 680
"D:/MDS/UESaves/githubmay/carproto3v2/Prototype3/Content/Art/Assets/Rocks/Rocks_Raw/Rock01_RAW/Rock01_Normal.uasset" 681
"D:/MDS/UESaves/githubmay/carproto3v2/Prototype3/Content/Art/Assets/Rocks/Rocks_Raw/Rock01_RAW/Rock01_Roughness.uasset" 682
"D:/MDS/UESaves/githubmay/carproto3v2/Prototype3/Content/VFX/Textures/T_SeamlessSmoke_Normal.uasset" 683
"D:/MDS/UESaves/githubmay/carproto3v2/Prototype3/Content/Art/Assets/Rocks/MTL_Rock01.uasset" 684
"D:/MDS/UESaves/githubmay/carproto3v2/Prototype3/Content/Art/Assets/Rocks/Rocks_Raw/7402-normal.uasset" 685
"D:/MDS/UESaves/githubmay/carproto3v2/Prototype3/Content/Art/Assets/Rocks/MTL_Rock01_Inst.uasset" 686
"D:/MDS/UESaves/githubmay/carproto3v2/Prototype3/Content/Art/LightMaterials/Caustics_tex_zpsc0xyvivw.uasset" 687
"D:/MDS/UESaves/githubmay/carproto3v2/Prototype3/Content/Art/LightMaterials/Caustics.uasset" 688
"D:/MDS/UESaves/githubmay/carproto3v2/Prototype3/Content/Art/LightMaterials/Caustics_Inst.uasset" 689
"D:/MDS/UESaves/githubmay/carproto3v2/Prototype3/Content/Art/SkyFolder/Sky_Raw/CloudRing01_Alpha.uasset" 690
"D:/MDS/UESaves/githubmay/carproto3v2/Prototype3/Content/Art/SkyFolder/Sky_Raw/CloudRing01_Diffuse.uasset" 691
"D:/MDS/UESaves/githubmay/carproto3v2/Prototype3/Content/Art/SkyFolder/Sky_Raw/CloudRing01_Emissive.uasset" 692
"D:/MDS/UESaves/githubmay/carproto3v2/Prototype3/Content/Art/SkyFolder/MTL_CloudRing01.uasset" 693
"D:/MDS/UESaves/githubmay/carproto3v2/Prototype3/Content/Art/SkyFolder/MTL_CloudRing01_Inst.uasset" 694
"D:/MDS/UESaves/githubmay/carproto3v2/Prototype3/Content/Art/SkyFolder/MTL_CloudRing01_Inst2.uasset" 695
"D:/MDS/UESaves/githubmay/carproto3v2/Prototype3/Content/Art/SkyFolder/Sky_Raw/fractalSpline.uasset" 696
"D:/MDS/UESaves/githubmay/carproto3v2/Prototype3/Content/Art/SkyFolder/Sky_Raw/T_SeamlessSmoke_Diffuse.uasset" 697
"D:/MDS/UESaves/githubmay/carproto3v2/Prototype3/Content/Art/SkyFolder/MTL_PlanarSky.uasset" 698
"D:/MDS/UESaves/githubmay/carproto3v2/Prototype3/Content/Art/SkyFolder/MTL_PlanarSky_Inst.uasset" 699
"D:/MDS/UESaves/githubmay/carproto3v2/Prototype3/Content/Art/SkyFolder/SkyGradient.uasset" 700
"D:/MDS/UESaves/githubmay/carproto3v2/Prototype3/Content/Art/SkyFolder/SkyGradient_Inst.uasset" 701
"../../../Engine/Content/MapTemplates/Sky/Desert_Outer_HDR.uasset" 702
"D:/MDS/UESaves/githubmay/carproto3v2/Prototype3/Content/Art/WaterPlane/Ocean/Materials/M_OceanWater_1_Inst.uasset" 703
"D:/MDS/UESaves/githubmay/carproto3v2/Prototype3/Content/Art/WaterPlane/Ocean/Materials/M_OceanWater_1_Inst1.uasset" 704
"D:/MDS/UESaves/githubmay/carproto3v2/Prototype3/Content/Art/WaterPlane/Ocean/Materials/RiverInst.uasset" 705
"../../../Engine/Content/BasicShapes/Plane.uasset" 706
"../../../Engine/Content/EditorMeshes/PlanarReflectionPlane.uasset" 707
"../../../Engine/Content/EngineMaterials/DefaultPhysicalMaterial.uasset" 708
"D:/MDS/UESaves/githubmay/carproto3v2/Prototype3/Content/Art/Assets/Foliage/Bush.uasset" 709
"D:/MDS/UESaves/githubmay/carproto3v2/Prototype3/Content/Art/Assets/Foliage/Grass/Grass_Texture_0.uasset" 710
"D:/MDS/UESaves/githubmay/carproto3v2/Prototype3/Content/Art/Assets/Foliage/Palm_Tree/Palm_Tree_RAW/Palm_TreeBark_Diffuse.uasset" 711
"D:/MDS/UESaves/githubmay/carproto3v2/Prototype3/Content/Art/Assets/Foliage/Palm_Tree/Palm_Tree_RAW/Palm_TreeBark_Normal.uasset" 712
"D:/MDS/UESaves/githubmay/carproto3v2/Prototype3/Content/Art/Assets/Foliage/Palm_Tree/Palm_Tree_RAW/Palm_TreeBark_Roughness.uasset" 713
"D:/MDS/UESaves/githubmay/carproto3v2/Prototype3/Content/Art/Assets/Foliage/Palm_Tree/M_Tree.uasset" 714
"D:/MDS/UESaves/githubmay/carproto3v2/Prototype3/Content/Art/Assets/Foliage/Palm_Tree/M_Tree_Inst.uasset" 715
"D:/MDS/UESaves/githubmay/carproto3v2/Prototype3/Content/Art/Assets/Foliage/Palm_Tree/Palm_Tree_RAW/Palm_Tree_Diffuse.uasset" 716
"D:/MDS/UESaves/githubmay/carproto3v2/Prototype3/Content/Art/Assets/Foliage/Palm_Tree/Palm_Tree_RAW/Palm_Tree_Mask.uasset" 717
"D:/MDS/UESaves/githubmay/carproto3v2/Prototype3/Content/Art/Assets/Foliage/Palm_Tree/Palm_Tree_RAW/Palm_Tree_Normal.uasset" 718
"D:/MDS/UESaves/githubmay/carproto3v2/Prototype3/Content/Art/Assets/Foliage/Palm_Tree/Palm_Tree_RAW/Palm_Tree_Roughness.uasset" 719
"D:/MDS/UESaves/githubmay/carproto3v2/Prototype3/Content/Art/Assets/Foliage/Palm_Tree/MTL_TreeLeaf.uasset" 720
"D:/MDS/UESaves/githubmay/carproto3v2/Prototype3/Content/Art/Assets/Foliage/Palm_Tree/MTL_TreeLeaf_Inst.uasset" 721
"D:/MDS/UESaves/githubmay/carproto3v2/Prototype3/Content/Art/Assets/Foliage/Palm_Tree.uasset" 722
"D:/MDS/UESaves/githubmay/carproto3v2/Prototype3/Content/Art/Assets/Foliage/Plant01/Plant01_Raw/Plant01_Diffuse.uasset" 723
"D:/MDS/UESaves/githubmay/carproto3v2/Prototype3/Content/Art/Assets/Foliage/Plant01/Plant01_Raw/Plant01_Normal.uasset" 724
"D:/MDS/UESaves/githubmay/carproto3v2/Prototype3/Content/Art/Assets/Foliage/Plant01/MTL_Plant01.uasset" 725
"D:/MDS/UESaves/githubmay/carproto3v2/Prototype3/Content/Art/Assets/Foliage/Plant_01.uasset" 726
"D:/MDS/UESaves/githubmay/carproto3v2/Prototype3/Content/Art/Assets/Foliage/Plant02/Plant02_Raw/Plant02_Diffuse.uasset" 727
"D:/MDS/UESaves/githubmay/carproto3v2/Prototype3/Content/Art/Assets/Foliage/Plant02/Plant02_Raw/Plant02_Normal.uasset" 728
"D:/MDS/UESaves/githubmay/carproto3v2/Prototype3/Content/Art/Assets/Foliage/Plant02/MTL_Plant02.uasset" 729
"D:/MDS/UESaves/githubmay/carproto3v2/Prototype3/Content/Art/Assets/Foliage/Plant_02.uasset" 730
"D:/MDS/UESaves/githubmay/carproto3v2/Prototype3/Content/Art/Assets/Foliage/Plant03/Plant03_Raw/Plant03_Normal.uasset" 731
"D:/MDS/UESaves/githubmay/carproto3v2/Prototype3/Content/Art/Assets/Foliage/Plant03/MTL_Plant03.uasset" 732
"D:/MDS/UESaves/githubmay/carproto3v2/Prototype3/Content/Art/Assets/Foliage/Plant_03.uasset" 733
"D:/MDS/UESaves/githubmay/carproto3v2/Prototype3/Content/Art/Assets/Foliage/Ivy/Ivy_Raw/IvyVine_Diffuse01.uasset" 734
"D:/MDS/UESaves/githubmay/carproto3v2/Prototype3/Content/Art/Assets/Foliage/Ivy/Ivy_Raw/IvyVine_Normal01.uasset" 735
"D:/MDS/UESaves/githubmay/carproto3v2/Prototype3/Content/Art/Assets/Foliage/Ivy/MTL_IvyVine1.uasset" 736
"D:/MDS/UESaves/githubmay/carproto3v2/Prototype3/Content/Art/Assets/Foliage/Ivy/Ivy_Raw/IvyVine_Diffuse02.uasset" 737
"D:/MDS/UESaves/githubmay/carproto3v2/Prototype3/Content/Art/Assets/Foliage/Ivy/Ivy_Raw/IvyVine_Normal02.uasset" 738
"D:/MDS/UESaves/githubmay/carproto3v2/Prototype3/Content/Art/Assets/Foliage/Ivy/MTl_IvyVine2.uasset" 739
"D:/MDS/UESaves/githubmay/carproto3v2/Prototype3/Content/Art/Assets/Foliage/Ivy/Ivy_Raw/IvyLeaf_Diffuse.uasset" 740
"D:/MDS/UESaves/githubmay/carproto3v2/Prototype3/Content/Art/Assets/Foliage/Ivy/Ivy_Raw/IvyLeaf_Normal.uasset" 741
"D:/MDS/UESaves/githubmay/carproto3v2/Prototype3/Content/Art/Assets/Foliage/Ivy/Ivy_Raw/IvyLeaf_Roughness.uasset" 742
"D:/MDS/UESaves/githubmay/carproto3v2/Prototype3/Content/Art/Assets/Foliage/Ivy/MTL_IvyLeaf.uasset" 743
"D:/MDS/UESaves/githubmay/carproto3v2/Prototype3/Content/Art/Assets/Foliage/Ivy/MTL_IvyLeaves_Inst.uasset" 744
"D:/MDS/UESaves/githubmay/carproto3v2/Prototype3/Content/Art/Assets/Foliage/Vine.uasset" 745
"D:/MDS/UESaves/githubmay/carproto3v2/Prototype3/Content/Art/Assets/JonathonHiggins/RuinWithSupport/MayaRuinwithSupport_low.uasset" 746
"D:/MDS/UESaves/githubmay/carproto3v2/Prototype3/Content/Art/Assets/JOSHUA_CITY/Building07.uasset" 747
"D:/MDS/UESaves/githubmay/carproto3v2/Prototype3/Content/Art/Assets/Rocks/DesertRock01_Raw/DesertRock_Clean_Diffuse.uasset" 748
"D:/MDS/UESaves/githubmay/carproto3v2/Prototype3/Content/Art/Assets/Rocks/DesertRock01_Raw/DesertRock_Dirt_Diffuse.uasset" 749
"D:/MDS/UESaves/githubmay/carproto3v2/Prototype3/Content/Art/Assets/Rocks/DesertRock01_Raw/DesertRock_Mask.uasset" 750
"D:/MDS/UESaves/githubmay/carproto3v2/Prototype3/Content/Art/Assets/Rocks/DesertRock01_Raw/DesertRock_Normal.uasset" 751
"D:/MDS/UESaves/githubmay/carproto3v2/Prototype3/Content/Art/Assets/Rocks/DesertRock01_Raw/DesertRock_RMA.uasset" 752
"D:/MDS/UESaves/githubmay/carproto3v2/Prototype3/Content/Art/Assets/Rocks/MTL_DesertRock01.uasset" 753
"D:/MDS/UESaves/githubmay/carproto3v2/Prototype3/Content/Art/Assets/Rocks/DesertRock01.uasset" 754
"D:/MDS/UESaves/githubmay/carproto3v2/Prototype3/Content/Art/Assets/Rocks/Rock01.uasset" 755
"D:/MDS/UESaves/githubmay/carproto3v2/Prototype3/Content/Art/Assets/Rocks/Rocks_Raw/Rock01_T/rock01_low_lambert6_BaseColor.uasset" 756
"D:/MDS/UESaves/githubmay/carproto3v2/Prototype3/Content/Art/Assets/Rocks/Rocks_Raw/Rock01_T/rock01_low_lambert6_Height.uasset" 757
"D:/MDS/UESaves/githubmay/carproto3v2/Prototype3/Content/Art/Assets/Rocks/Rocks_Raw/Rock01_T/rock01_low_lambert6_Metallic.uasset" 758
"D:/MDS/UESaves/githubmay/carproto3v2/Prototype3/Content/Art/Assets/Rocks/Rocks_Raw/Rock01_T/rock01_low_lambert6_Normal.uasset" 759
"D:/MDS/UESaves/githubmay/carproto3v2/Prototype3/Content/Art/Assets/Rocks/Rocks_Raw/Rock01_T/rock01_low_lambert6_Roughness.uasset" 760
"D:/MDS/UESaves/githubmay/carproto3v2/Prototype3/Content/Art/Assets/Rocks/rock01_mat.uasset" 761
"D:/MDS/UESaves/githubmay/carproto3v2/Prototype3/Content/Art/Assets/Rocks/rock01_low.uasset" 762
"D:/MDS/UESaves/githubmay/carproto3v2/Prototype3/Content/Art/Assets/Rocks/Rocks_Raw/Rock03_T/rock03_low_lambert9_BaseColor.uasset" 763
"D:/MDS/UESaves/githubmay/carproto3v2/Prototype3/Content/Art/Assets/Rocks/Rocks_Raw/Rock03_T/rock03_low_lambert9_Height.uasset" 764
"D:/MDS/UESaves/githubmay/carproto3v2/Prototype3/Content/Art/Assets/Rocks/Rocks_Raw/Rock03_T/rock03_low_lambert9_Metallic.uasset" 765
"D:/MDS/UESaves/githubmay/carproto3v2/Prototype3/Content/Art/Assets/Rocks/Rocks_Raw/Rock03_T/rock03_low_lambert9_Normal.uasset" 766
"D:/MDS/UESaves/githubmay/carproto3v2/Prototype3/Content/Art/Assets/Rocks/Rocks_Raw/Rock03_T/rock03_low_lambert9_Roughness.uasset" 767
"D:/MDS/UESaves/githubmay/carproto3v2/Prototype3/Content/Art/Assets/Rocks/Rock03_mat.uasset" 768
"D:/MDS/UESaves/githubmay/carproto3v2/Prototype3/Content/Art/Assets/Rocks/rock03_low.uasset" 769
"D:/MDS/UESaves/githubmay/carproto3v2/Prototype3/Content/Art/Assets/Rocks/Rocks_Raw/Rock04_T/rock04_low_lambert11_BaseColor.uasset" 770
"D:/MDS/UESaves/githubmay/carproto3v2/Prototype3/Content/Art/Assets/Rocks/Rocks_Raw/Rock04_T/rock04_low_lambert11_Height.uasset" 771
"D:/MDS/UESaves/githubmay/carproto3v2/Prototype3/Content/Art/Assets/Rocks/Rocks_Raw/Rock04_T/rock04_low_lambert11_Metallic.uasset" 772
"D:/MDS/UESaves/githubmay/carproto3v2/Prototype3/Content/Art/Assets/Rocks/Rocks_Raw/Rock04_T/rock04_low_lambert11_Normal.uasset" 773
"D:/MDS/UESaves/githubmay/carproto3v2/Prototype3/Content/Art/Assets/Rocks/Rocks_Raw/Rock04_T/rock04_low_lambert11_Roughness.uasset" 774
"D:/MDS/UESaves/githubmay/carproto3v2/Prototype3/Content/Art/Assets/Rocks/rock04_mat.uasset" 775
"D:/MDS/UESaves/githubmay/carproto3v2/Prototype3/Content/Art/Assets/Rocks/rock04_low.uasset" 776
"D:/MDS/UESaves/githubmay/carproto3v2/Prototype3/Content/Art/Assets/Rocks/Rocks_Raw/Rock06_T/rock06_low_lambert12_BaseColor.uasset" 777
"D:/MDS/UESaves/githubmay/carproto3v2/Prototype3/Content/Art/Assets/Rocks/Rocks_Raw/Rock06_T/rock06_low_lambert12_Height.uasset" 778
"D:/MDS/UESaves/githubmay/carproto3v2/Prototype3/Content/Art/Assets/Rocks/Rocks_Raw/Rock06_T/rock06_low_lambert12_Metallic.uasset" 779
"D:/MDS/UESaves/githubmay/carproto3v2/Prototype3/Content/Art/Assets/Rocks/Rocks_Raw/Rock06_T/rock06_low_lambert12_Normal.uasset" 780
"D:/MDS/UESaves/githubmay/carproto3v2/Prototype3/Content/Art/Assets/Rocks/Rocks_Raw/Rock06_T/rock06_low_lambert12_Roughness.uasset" 781
"D:/MDS/UESaves/githubmay/carproto3v2/Prototype3/Content/Art/Assets/Rocks/Rock06_mat.uasset" 782
"D:/MDS/UESaves/githubmay/carproto3v2/Prototype3/Content/Art/Assets/Rocks/rock06_low.uasset" 783
"D:/MDS/UESaves/githubmay/carproto3v2/Prototype3/Content/Art/Assets/Rocks/Rocks_Raw/Rock07_T/rock07_low_lambert14_BaseColor.uasset" 784
"D:/MDS/UESaves/githubmay/carproto3v2/Prototype3/Content/Art/Assets/Rocks/Rocks_Raw/Rock07_T/rock07_low_lambert14_Height.uasset" 785
"D:/MDS/UESaves/githubmay/carproto3v2/Prototype3/Content/Art/Assets/Rocks/Rocks_Raw/Rock07_T/rock07_low_lambert14_Metallic.uasset" 786
"D:/MDS/UESaves/githubmay/carproto3v2/Prototype3/Content/Art/Assets/Rocks/Rocks_Raw/Rock07_T/rock07_low_lambert14_Normal.uasset" 787
"D:/MDS/UESaves/githubmay/carproto3v2/Prototype3/Content/Art/Assets/Rocks/Rocks_Raw/Rock07_T/rock07_low_lambert14_Roughness.uasset" 788
"D:/MDS/UESaves/githubmay/carproto3v2/Prototype3/Content/Art/Assets/Rocks/Rock07_mat.uasset" 789
"D:/MDS/UESaves/githubmay/carproto3v2/Prototype3/Content/Art/Assets/Rocks/rock07_low.uasset" 790
"D:/MDS/UESaves/githubmay/carproto3v2/Prototype3/Content/Art/Assets/Temple/3rdTemple+Connection.uasset" 791
"D:/MDS/UESaves/githubmay/carproto3v2/Prototype3/Content/Art/Assets/Temple/Alcove.uasset" 792
"D:/MDS/UESaves/githubmay/carproto3v2/Prototype3/Content/Art/Assets/Temple/Altar_Side_Piece.uasset" 793
"D:/MDS/UESaves/githubmay/carproto3v2/Prototype3/Content/Art/Assets/Temple/Archway.uasset" 794
"D:/MDS/UESaves/githubmay/carproto3v2/Prototype3/Content/Art/Assets/Temple/DocksRegion2.uasset" 795
"D:/MDS/UESaves/githubmay/carproto3v2/Prototype3/Content/Art/Assets/Temple/MayanBlock45.uasset" 796
"D:/MDS/UESaves/githubmay/carproto3v2/Prototype3/Content/Art/Assets/Temple/MayanTempleTall.uasset" 797
"D:/MDS/UESaves/githubmay/carproto3v2/Prototype3/Content/Art/Assets/Temple/Pillar_01.uasset" 798
"D:/MDS/UESaves/githubmay/carproto3v2/Prototype3/Content/Art/Assets/Temple/Pillarshoe.uasset" 799
"D:/MDS/UESaves/githubmay/carproto3v2/Prototype3/Content/Art/Assets/Temple/Side_Object.uasset" 800
"D:/MDS/UESaves/githubmay/carproto3v2/Prototype3/Content/Art/Assets/Temple/Temple.uasset" 801
"D:/MDS/UESaves/githubmay/carproto3v2/Prototype3/Content/Art/Assets/Temple/Temple1_OuterArea.uasset" 802
"D:/MDS/UESaves/githubmay/carproto3v2/Prototype3/Content/Art/Assets/Temple/TEMPLE_02.uasset" 803
"D:/MDS/UESaves/githubmay/carproto3v2/Prototype3/Content/Art/Assets/Temple/Temple_Altar.uasset" 804
"D:/MDS/UESaves/githubmay/carproto3v2/Prototype3/Content/Art/Assets/Temple/TempleConnection.uasset" 805
"D:/MDS/UESaves/githubmay/carproto3v2/Prototype3/Content/Art/Fabric.uasset" 806
"D:/MDS/UESaves/githubmay/carproto3v2/Prototype3/Content/Art/joshlim/Signs/Left_Turn_sign_lambert1_BaseColor.uasset" 807
"D:/MDS/UESaves/githubmay/carproto3v2/Prototype3/Content/Art/joshlim/Signs/Left_Turn_sign_lambert1_Height.uasset" 808
"D:/MDS/UESaves/githubmay/carproto3v2/Prototype3/Content/Art/joshlim/Signs/Left_Turn_sign_lambert1_Metallic.uasset" 809
"D:/MDS/UESaves/githubmay/carproto3v2/Prototype3/Content/Art/joshlim/Signs/Left_Turn_sign_lambert1_Normal.uasset" 810
"D:/MDS/UESaves/githubmay/carproto3v2/Prototype3/Content/Art/joshlim/Signs/Left_Turn_sign_lambert1_Roughness.uasset" 811
"D:/MDS/UESaves/githubmay/carproto3v2/Prototype3/Content/Art/joshlim/Signs/LeftTurn_mat.uasset" 812
"D:/MDS/UESaves/githubmay/carproto3v2/Prototype3/Content/Art/joshlim/Signs/Left_Turn_sign.uasset" 813
"D:/MDS/UESaves/githubmay/carproto3v2/Prototype3/Content/Art/LightMaterials/Demo_0.uasset" 814
"D:/MDS/UESaves/githubmay/carproto3v2/Prototype3/Content/Art/SkyFolder/SkyRing01.uasset" 815
"D:/MDS/UESaves/githubmay/carproto3v2/Prototype3/Content/Sound/AmbientSounds/desert_ambience.uasset" 816
"D:/MDS/UESaves/githubmay/carproto3v2/Prototype3/Content/Sound/AmbientSounds/desert_ambience_Cue.uasset" 817
"D:/MDS/UESaves/githubmay/carproto3v2/Prototype3/Content/Sound/Background/MdsRaceWip1Full.uasset" 818
"D:/MDS/UESaves/githubmay/carproto3v2/Prototype3/Content/Sound/Background/MdsRaceWip1Full_Cue.uasset" 819
"D:/MDS/UESaves/githubmay/carproto3v2/Prototype3/Content/VFX/Materials/m_water.uasset" 820
"D:/MDS/UESaves/githubmay/carproto3v2/Prototype3/Content/VFX/Materials/m_waterfall_wp.uasset" 821
"D:/MDS/UESaves/githubmay/carproto3v2/Prototype3/Content/VFX/MI/mi_waterfallSplash.uasset" 822
"D:/MDS/UESaves/githubmay/carproto3v2/Prototype3/Content/VFX/Meshes/Obj_Waterfall.uasset" 823
"D:/MDS/UESaves/githubmay/carproto3v2/Prototype3/Content/VFX/Particles/P_Waterfall.uasset" 824
"D:/MDS/UESaves/githubmay/carproto3v2/Prototype3/Content/VFX/Particles/p_waterfall1.uasset" 825
"D:/MDS/UESaves/githubmay/carproto3v2/Prototype3/Content/Maps/BryansMap.umap" 826
"D:/MDS/UESaves/githubmay/carproto3v2/Prototype3/Content/Blueprints/CheckpointData/BP_BoostPickup.uasset" 827
"D:/MDS/UESaves/githubmay/carproto3v2/Prototype3/Content/Blueprints/HUD/HUD_InvisibleWallWarning.uasset" 828
"D:/MDS/UESaves/githubmay/carproto3v2/Prototype3/Content/Blueprints/CheckpointData/BP_ReturnWall.uasset" 829
"D:/MDS/UESaves/githubmay/carproto3v2/Prototype3/Content/Blueprints/VehicleBlueprints/BP_MainMenu.uasset" 830
"D:/MDS/UESaves/githubmay/carproto3v2/Prototype3/Content/Art/Assets/JOSHUA_CITY/Building_01/M_Gaps.uasset" 831
"D:/MDS/UESaves/githubmay/carproto3v2/Prototype3/Content/Art/Assets/JOSHUA_CITY/Building_01/M_Stripes.uasset" 832
"D:/MDS/UESaves/githubmay/carproto3v2/Prototype3/Content/Art/Assets/JOSHUA_CITY/Building_01/M_Walls.uasset" 833
"D:/MDS/UESaves/githubmay/carproto3v2/Prototype3/Content/Art/Assets/JOSHUA_CITY/Building_01/M_Windows.uasset" 834
"D:/MDS/UESaves/githubmay/carproto3v2/Prototype3/Content/Art/Assets/NewMaterial.uasset" 835
"D:/MDS/UESaves/githubmay/carproto3v2/Prototype3/Content/Art/LightMaterials/Demo.uasset" 836
"D:/MDS/UESaves/githubmay/carproto3v2/Prototype3/Content/Art/LightMaterials/PinkSunset_Mat.uasset" 837
"D:/MDS/UESaves/githubmay/carproto3v2/Prototype3/Content/Art/LightMaterials/PinkSunset_Mat_Inst.uasset" 838
"../../../Engine/Content/BasicShapes/Cone.uasset" 839
"D:/MDS/UESaves/githubmay/carproto3v2/Prototype3/Content/Art/Assets/JOSHUA_CITY/Building01.uasset" 840
"D:/MDS/UESaves/githubmay/carproto3v2/Prototype3/Content/Art/Assets/JOSHUA_CITY/Building02.uasset" 841
"D:/MDS/UESaves/githubmay/carproto3v2/Prototype3/Content/Art/Assets/JOSHUA_CITY/Building03.uasset" 842
"D:/MDS/UESaves/githubmay/carproto3v2/Prototype3/Content/Art/Assets/JOSHUA_CITY/Building04.uasset" 843
"D:/MDS/UESaves/githubmay/carproto3v2/Prototype3/Content/Art/Assets/JOSHUA_CITY/Building05.uasset" 844
"D:/MDS/UESaves/githubmay/carproto3v2/Prototype3/Content/Art/Assets/JOSHUA_CITY/Building06.uasset" 845
"D:/MDS/UESaves/githubmay/carproto3v2/Prototype3/Content/Art/Assets/JOSHUA_CITY/Building_01/Building01.uasset" 846
"D:/MDS/UESaves/githubmay/carproto3v2/Prototype3/Content/Art/Assets/Temple/Arena.uasset" 847
"D:/MDS/UESaves/githubmay/carproto3v2/Prototype3/Content/Art/Assets/Temple/MayanBlock.uasset" 848
"D:/MDS/UESaves/githubmay/carproto3v2/Prototype3/Content/Maps/MainMenu_Map.umap" 849
"D:/MDS/UESaves/githubmay/carproto3v2/Prototype3/Content/Blueprints/HUD/cinematics/Sequence-playerintro2.uasset" 850
"D:/MDS/UESaves/githubmay/carproto3v2/Prototype3/Content/Art/Assets/Temple/DefaultMTL.uasset" 851
"D:/MDS/UESaves/githubmay/carproto3v2/Prototype3/Content/Art/Assets/Temple/ForestTrack.uasset" 852
"D:/MDS/UESaves/githubmay/carproto3v2/Prototype3/Content/Maps/mainmenu_new.umap" 853
"D:/MDS/UESaves/githubmay/carproto3v2/Prototype3/Content/Blueprints/CheckpointData/BP_Grass_Slow.uasset" 854
"D:/MDS/UESaves/githubmay/carproto3v2/Prototype3/Content/Waterfall.uasset" 855
"D:/MDS/UESaves/githubmay/carproto3v2/Prototype3/Content/Art/joshlim/Signs/Right_Turn_sign_lambert1_BaseColor.uasset" 856
"D:/MDS/UESaves/githubmay/carproto3v2/Prototype3/Content/Art/joshlim/Signs/Right_Turn_sign_lambert1_Height.uasset" 857
"D:/MDS/UESaves/githubmay/carproto3v2/Prototype3/Content/Art/joshlim/Signs/Right_Turn_sign_lambert1_Metallic.uasset" 858
"D:/MDS/UESaves/githubmay/carproto3v2/Prototype3/Content/Art/joshlim/Signs/Right_Turn_sign_lambert1_Normal.uasset" 859
"D:/MDS/UESaves/githubmay/carproto3v2/Prototype3/Content/Art/joshlim/Signs/Right_Turn_sign_lambert1_Roughness.uasset" 860
"D:/MDS/UESaves/githubmay/carproto3v2/Prototype3/Content/Art/joshlim/Signs/RightTurn_mat.uasset" 861
"D:/MDS/UESaves/githubmay/carproto3v2/Prototype3/Content/Art/joshlim/Signs/Right_Turn_sign.uasset" 862
"D:/MDS/UESaves/githubmay/carproto3v2/Prototype3/Content/Sound/AmbientSounds/Cavern-ambiance.uasset" 863
"D:/MDS/UESaves/githubmay/carproto3v2/Prototype3/Content/Sound/AmbientSounds/Cavern-ambiance_Cue.uasset" 864
"D:/MDS/UESaves/githubmay/carproto3v2/Prototype3/Content/Sound/AmbientSounds/ambience_mixdown1.uasset" 865
"D:/MDS/UESaves/githubmay/carproto3v2/Prototype3/Content/Sound/AmbientSounds/City_ambiance.uasset" 866
"D:/MDS/UESaves/githubmay/carproto3v2/Prototype3/Content/Sound/AmbientSounds/crowd.uasset" 867
"D:/MDS/UESaves/githubmay/carproto3v2/Prototype3/Content/Sound/AmbientSounds/crowd_Cue.uasset" 868
"D:/MDS/UESaves/githubmay/carproto3v2/Prototype3/Content/Maps/TestMap.umap" 869
"D:/MDS/UESaves/githubmay/carproto3v2/Prototype3/Content/Maps/TestMap2.umap" 870
"../../../Engine/Content/EngineSky/C_Sky_Cloud_Color.uasset" 871
"../../../Engine/Content/EngineSky/C_Sky_Horizon_Color.uasset" 872
"../../../Engine/Content/EngineSky/C_Sky_Zenith_Color.uasset" 873
"../../../Engine/Content/EngineSky/T_Sky_Blue.uasset" 874
"../../../Engine/Content/EngineSky/T_Sky_Clouds_M.uasset" 875
"../../../Engine/Content/EngineSky/T_Sky_Stars.uasset" 876
"../../../Engine/Content/EngineSky/M_Sky_Panning_Clouds2.uasset" 877
"../../../Engine/Content/EngineSky/SM_SkySphere.uasset" 878
"../../../Engine/Content/EngineSky/BP_Sky_Sphere.uasset" 879
"D:/MDS/UESaves/githubmay/carproto3v2/Prototype3/Content/Blueprints/HUD/EpicLeaderboard/Resources/Background/big.uasset" 880
"D:/MDS/UESaves/githubmay/carproto3v2/Prototype3/Content/Blueprints/HUD/EpicLeaderboard/Resources/Background/medium.uasset" 881
"D:/MDS/UESaves/githubmay/carproto3v2/Prototype3/Content/Blueprints/HUD/EpicLeaderboard/Resources/Background/small.uasset" 882
"D:/MDS/UESaves/githubmay/carproto3v2/Prototype3/Content/Blueprints/HUD/EpicLeaderboard/UMG/Background/DemoBackgroundTile.uasset" 883
"D:/MDS/UESaves/githubmay/carproto3v2/Prototype3/Content/Blueprints/HUD/EpicLeaderboard/UMG/Background/DemoBackground.uasset" 884
"D:/MDS/UESaves/githubmay/carproto3v2/Prototype3/Content/Blueprints/HUD/EpicLeaderboard/Demo/DemoMap.umap" 885
"../../../Engine/Content/Maps/Entry.umap" 886
